2025-11-26T00:10:19.298+05:30  INFO 16872 --- [demo] [restartedMain] com.mealdb.Application                   : Starting Application using Java 21.0.6 with PID 16872 (C:\Users\SANKET\Desktop\Finfactor\spring_boot_backend_template\spring_boot_backend_template\target\classes started by SANKET in C:\Users\SANKET\Desktop\Finfactor\spring_boot_backend_template\spring_boot_backend_template)
2025-11-26T00:10:19.303+05:30 DEBUG 16872 --- [demo] [restartedMain] com.mealdb.Application                   : Running with Spring Boot v3.5.8, Spring v6.2.14
2025-11-26T00:10:19.304+05:30  INFO 16872 --- [demo] [restartedMain] com.mealdb.Application                   : No active profile set, falling back to 1 default profile: "default"
2025-11-26T00:10:19.349+05:30  INFO 16872 --- [demo] [restartedMain] .e.DevToolsPropertyDefaultsPostProcessor : Devtools property defaults active! Set 'spring.devtools.add-properties' to 'false' to disable
2025-11-26T00:10:19.350+05:30  INFO 16872 --- [demo] [restartedMain] .e.DevToolsPropertyDefaultsPostProcessor : For additional web related logging consider setting the 'logging.level.web' property to 'DEBUG'
2025-11-26T00:10:20.318+05:30  INFO 16872 --- [demo] [restartedMain] .s.d.r.c.RepositoryConfigurationDelegate : Bootstrapping Spring Data JPA repositories in DEFAULT mode.
2025-11-26T00:10:20.343+05:30  INFO 16872 --- [demo] [restartedMain] .s.d.r.c.RepositoryConfigurationDelegate : Finished Spring Data repository scanning in 15 ms. Found 0 JPA repository interfaces.
2025-11-26T00:10:20.812+05:30  INFO 16872 --- [demo] [restartedMain] o.s.b.w.embedded.tomcat.TomcatWebServer  : Tomcat initialized with port 8080 (http)
2025-11-26T00:10:20.823+05:30  INFO 16872 --- [demo] [restartedMain] o.apache.catalina.core.StandardService   : Starting service [Tomcat]
2025-11-26T00:10:20.825+05:30  INFO 16872 --- [demo] [restartedMain] o.apache.catalina.core.StandardEngine    : Starting Servlet engine: [Apache Tomcat/10.1.49]
2025-11-26T00:10:20.866+05:30  INFO 16872 --- [demo] [restartedMain] o.a.c.c.C.[Tomcat].[localhost].[/]       : Initializing Spring embedded WebApplicationContext
2025-11-26T00:10:20.867+05:30  INFO 16872 --- [demo] [restartedMain] w.s.c.ServletWebServerApplicationContext : Root WebApplicationContext: initialization completed in 1517 ms
2025-11-26T00:10:21.100+05:30  INFO 16872 --- [demo] [restartedMain] o.hibernate.jpa.internal.util.LogHelper  : HHH000204: Processing PersistenceUnitInfo [name: default]
2025-11-26T00:10:21.138+05:30  INFO 16872 --- [demo] [restartedMain] org.hibernate.Version                    : HHH000412: Hibernate ORM core version 6.6.36.Final
2025-11-26T00:10:21.166+05:30  INFO 16872 --- [demo] [restartedMain] o.h.c.internal.RegionFactoryInitiator    : HHH000026: Second-level cache disabled
2025-11-26T00:10:21.378+05:30  INFO 16872 --- [demo] [restartedMain] o.s.o.j.p.SpringPersistenceUnitInfo      : No LoadTimeWeaver setup: ignoring JPA class transformer
2025-11-26T00:10:21.402+05:30  INFO 16872 --- [demo] [restartedMain] com.zaxxer.hikari.HikariDataSource       : HikariPool-1 - Starting...
2025-11-26T00:10:22.452+05:30  WARN 16872 --- [demo] [restartedMain] o.h.engine.jdbc.spi.SqlExceptionHelper   : SQL Error: 0, SQLState: 08001
2025-11-26T00:10:22.453+05:30 ERROR 16872 --- [demo] [restartedMain] o.h.engine.jdbc.spi.SqlExceptionHelper   : Cannot load connection class because of underlying exception: com.mysql.cj.exceptions.WrongArgumentException: Malformed database URL, failed to parse the connection string near ';useSSL=false&amp;allowPublicKeyRetrieval=true'.
2025-11-26T00:10:22.453+05:30  WARN 16872 --- [demo] [restartedMain] o.h.e.j.e.i.JdbcEnvironmentInitiator     : HHH000342: Could not obtain connection to query metadata

org.hibernate.exception.JDBCConnectionException: unable to obtain isolated JDBC connection [Cannot load connection class because of underlying exception: com.mysql.cj.exceptions.WrongArgumentException: Malformed database URL, failed to parse the connection string near ';useSSL=false&amp;allowPublicKeyRetrieval=true'.] [n/a]
	at org.hibernate.exception.internal.SQLStateConversionDelegate.convert(SQLStateConversionDelegate.java:100) ~[hibernate-core-6.6.36.Final.jar:6.6.36.Final]
	at org.hibernate.exception.internal.StandardSQLExceptionConverter.convert(StandardSQLExceptionConverter.java:58) ~[hibernate-core-6.6.36.Final.jar:6.6.36.Final]
	at org.hibernate.engine.jdbc.spi.SqlExceptionHelper.convert(SqlExceptionHelper.java:108) ~[hibernate-core-6.6.36.Final.jar:6.6.36.Final]
	at org.hibernate.engine.jdbc.spi.SqlExceptionHelper.convert(SqlExceptionHelper.java:94) ~[hibernate-core-6.6.36.Final.jar:6.6.36.Final]
	at org.hibernate.resource.transaction.backend.jdbc.internal.JdbcIsolationDelegate.delegateWork(JdbcIsolationDelegate.java:116) ~[hibernate-core-6.6.36.Final.jar:6.6.36.Final]
	at org.hibernate.engine.jdbc.env.internal.JdbcEnvironmentInitiator.getJdbcEnvironmentUsingJdbcMetadata(JdbcEnvironmentInitiator.java:334) ~[hibernate-core-6.6.36.Final.jar:6.6.36.Final]
	at org.hibernate.engine.jdbc.env.internal.JdbcEnvironmentInitiator.initiateService(JdbcEnvironmentInitiator.java:129) ~[hibernate-core-6.6.36.Final.jar:6.6.36.Final]
	at org.hibernate.engine.jdbc.env.internal.JdbcEnvironmentInitiator.initiateService(JdbcEnvironmentInitiator.java:81) ~[hibernate-core-6.6.36.Final.jar:6.6.36.Final]
	at org.hibernate.boot.registry.internal.StandardServiceRegistryImpl.initiateService(StandardServiceRegistryImpl.java:130) ~[hibernate-core-6.6.36.Final.jar:6.6.36.Final]
	at org.hibernate.service.internal.AbstractServiceRegistryImpl.createService(AbstractServiceRegistryImpl.java:263) ~[hibernate-core-6.6.36.Final.jar:6.6.36.Final]
	at org.hibernate.service.internal.AbstractServiceRegistryImpl.initializeService(AbstractServiceRegistryImpl.java:238) ~[hibernate-core-6.6.36.Final.jar:6.6.36.Final]
	at org.hibernate.service.internal.AbstractServiceRegistryImpl.getService(AbstractServiceRegistryImpl.java:215) ~[hibernate-core-6.6.36.Final.jar:6.6.36.Final]
	at org.hibernate.boot.model.relational.Database.<init>(Database.java:45) ~[hibernate-core-6.6.36.Final.jar:6.6.36.Final]
	at org.hibernate.boot.internal.InFlightMetadataCollectorImpl.getDatabase(InFlightMetadataCollectorImpl.java:226) ~[hibernate-core-6.6.36.Final.jar:6.6.36.Final]
	at org.hibernate.boot.internal.InFlightMetadataCollectorImpl.<init>(InFlightMetadataCollectorImpl.java:194) ~[hibernate-core-6.6.36.Final.jar:6.6.36.Final]
	at org.hibernate.boot.model.process.spi.MetadataBuildingProcess.complete(MetadataBuildingProcess.java:171) ~[hibernate-core-6.6.36.Final.jar:6.6.36.Final]
	at org.hibernate.jpa.boot.internal.EntityManagerFactoryBuilderImpl.metadata(EntityManagerFactoryBuilderImpl.java:1442) ~[hibernate-core-6.6.36.Final.jar:6.6.36.Final]
	at org.hibernate.jpa.boot.internal.EntityManagerFactoryBuilderImpl.build(EntityManagerFactoryBuilderImpl.java:1513) ~[hibernate-core-6.6.36.Final.jar:6.6.36.Final]
	at org.springframework.orm.jpa.vendor.SpringHibernateJpaPersistenceProvider.createContainerEntityManagerFactory(SpringHibernateJpaPersistenceProvider.java:66) ~[spring-orm-6.2.14.jar:6.2.14]
	at org.springframework.orm.jpa.LocalContainerEntityManagerFactoryBean.createNativeEntityManagerFactory(LocalContainerEntityManagerFactoryBean.java:390) ~[spring-orm-6.2.14.jar:6.2.14]
	at org.springframework.orm.jpa.AbstractEntityManagerFactoryBean.buildNativeEntityManagerFactory(AbstractEntityManagerFactoryBean.java:419) ~[spring-orm-6.2.14.jar:6.2.14]
	at org.springframework.orm.jpa.AbstractEntityManagerFactoryBean.afterPropertiesSet(AbstractEntityManagerFactoryBean.java:400) ~[spring-orm-6.2.14.jar:6.2.14]
	at org.springframework.orm.jpa.LocalContainerEntityManagerFactoryBean.afterPropertiesSet(LocalContainerEntityManagerFactoryBean.java:366) ~[spring-orm-6.2.14.jar:6.2.14]
	at org.springframework.beans.factory.support.AbstractAutowireCapableBeanFactory.invokeInitMethods(AbstractAutowireCapableBeanFactory.java:1873) ~[spring-beans-6.2.14.jar:6.2.14]
	at org.springframework.beans.factory.support.AbstractAutowireCapableBeanFactory.initializeBean(AbstractAutowireCapableBeanFactory.java:1822) ~[spring-beans-6.2.14.jar:6.2.14]
	at org.springframework.beans.factory.support.AbstractAutowireCapableBeanFactory.doCreateBean(AbstractAutowireCapableBeanFactory.java:607) ~[spring-beans-6.2.14.jar:6.2.14]
	at org.springframework.beans.factory.support.AbstractAutowireCapableBeanFactory.createBean(AbstractAutowireCapableBeanFactory.java:529) ~[spring-beans-6.2.14.jar:6.2.14]
	at org.springframework.beans.factory.support.AbstractBeanFactory.lambda$doGetBean$0(AbstractBeanFactory.java:339) ~[spring-beans-6.2.14.jar:6.2.14]
	at org.springframework.beans.factory.support.DefaultSingletonBeanRegistry.getSingleton(DefaultSingletonBeanRegistry.java:373) ~[spring-beans-6.2.14.jar:6.2.14]
	at org.springframework.beans.factory.support.AbstractBeanFactory.doGetBean(AbstractBeanFactory.java:337) ~[spring-beans-6.2.14.jar:6.2.14]
	at org.springframework.beans.factory.support.AbstractBeanFactory.getBean(AbstractBeanFactory.java:207) ~[spring-beans-6.2.14.jar:6.2.14]
	at org.springframework.context.support.AbstractApplicationContext.finishBeanFactoryInitialization(AbstractApplicationContext.java:973) ~[spring-context-6.2.14.jar:6.2.14]
	at org.springframework.context.support.AbstractApplicationContext.refresh(AbstractApplicationContext.java:627) ~[spring-context-6.2.14.jar:6.2.14]
	at org.springframework.boot.web.servlet.context.ServletWebServerApplicationContext.refresh(ServletWebServerApplicationContext.java:146) ~[spring-boot-3.5.8.jar:3.5.8]
	at org.springframework.boot.SpringApplication.refresh(SpringApplication.java:752) ~[spring-boot-3.5.8.jar:3.5.8]
	at org.springframework.boot.SpringApplication.refreshContext(SpringApplication.java:439) ~[spring-boot-3.5.8.jar:3.5.8]
	at org.springframework.boot.SpringApplication.run(SpringApplication.java:318) ~[spring-boot-3.5.8.jar:3.5.8]
	at org.springframework.boot.SpringApplication.run(SpringApplication.java:1361) ~[spring-boot-3.5.8.jar:3.5.8]
	at org.springframework.boot.SpringApplication.run(SpringApplication.java:1350) ~[spring-boot-3.5.8.jar:3.5.8]
	at com.mealdb.Application.main(Application.java:23) ~[classes/:na]
	at java.base/jdk.internal.reflect.DirectMethodHandleAccessor.invoke(DirectMethodHandleAccessor.java:103) ~[na:na]
	at java.base/java.lang.reflect.Method.invoke(Method.java:580) ~[na:na]
	at org.springframework.boot.devtools.restart.RestartLauncher.run(RestartLauncher.java:50) ~[spring-boot-devtools-3.5.8.jar:3.5.8]
Caused by: java.sql.SQLNonTransientConnectionException: Cannot load connection class because of underlying exception: com.mysql.cj.exceptions.WrongArgumentException: Malformed database URL, failed to parse the connection string near ';useSSL=false&amp;allowPublicKeyRetrieval=true'.
	at com.mysql.cj.jdbc.exceptions.SQLError.createSQLException(SQLError.java:102) ~[mysql-connector-j-9.5.0.jar:9.5.0]
	at com.mysql.cj.jdbc.exceptions.SQLError.createSQLException(SQLError.java:89) ~[mysql-connector-j-9.5.0.jar:9.5.0]
	at com.mysql.cj.jdbc.exceptions.SQLError.createSQLException(SQLError.java:81) ~[mysql-connector-j-9.5.0.jar:9.5.0]
	at com.mysql.cj.jdbc.exceptions.SQLError.createSQLException(SQLError.java:55) ~[mysql-connector-j-9.5.0.jar:9.5.0]
	at com.mysql.cj.jdbc.exceptions.SQLError.createSQLException(SQLError.java:65) ~[mysql-connector-j-9.5.0.jar:9.5.0]
	at com.mysql.cj.jdbc.exceptions.SQLExceptionsMapping.translateException(SQLExceptionsMapping.java:70) ~[mysql-connector-j-9.5.0.jar:9.5.0]
	at com.mysql.cj.jdbc.exceptions.SQLExceptionsMapping.translateException(SQLExceptionsMapping.java:123) ~[mysql-connector-j-9.5.0.jar:9.5.0]
	at com.mysql.cj.jdbc.NonRegisteringDriver.connect(NonRegisteringDriver.java:203) ~[mysql-connector-j-9.5.0.jar:9.5.0]
	at com.zaxxer.hikari.util.DriverDataSource.getConnection(DriverDataSource.java:144) ~[HikariCP-6.3.3.jar:na]
	at com.zaxxer.hikari.pool.PoolBase.newConnection(PoolBase.java:370) ~[HikariCP-6.3.3.jar:na]
	at com.zaxxer.hikari.pool.PoolBase.newPoolEntry(PoolBase.java:207) ~[HikariCP-6.3.3.jar:na]
	at com.zaxxer.hikari.pool.HikariPool.createPoolEntry(HikariPool.java:488) ~[HikariCP-6.3.3.jar:na]
	at com.zaxxer.hikari.pool.HikariPool.checkFailFast(HikariPool.java:576) ~[HikariCP-6.3.3.jar:na]
	at com.zaxxer.hikari.pool.HikariPool.<init>(HikariPool.java:97) ~[HikariCP-6.3.3.jar:na]
	at com.zaxxer.hikari.HikariDataSource.getConnection(HikariDataSource.java:111) ~[HikariCP-6.3.3.jar:na]
	at org.hibernate.engine.jdbc.connections.internal.DatasourceConnectionProviderImpl.getConnection(DatasourceConnectionProviderImpl.java:126) ~[hibernate-core-6.6.36.Final.jar:6.6.36.Final]
	at org.hibernate.engine.jdbc.env.internal.JdbcEnvironmentInitiator$ConnectionProviderJdbcConnectionAccess.obtainConnection(JdbcEnvironmentInitiator.java:485) ~[hibernate-core-6.6.36.Final.jar:6.6.36.Final]
	at org.hibernate.resource.transaction.backend.jdbc.internal.JdbcIsolationDelegate.delegateWork(JdbcIsolationDelegate.java:61) ~[hibernate-core-6.6.36.Final.jar:6.6.36.Final]
	... 38 common frames omitted
Caused by: com.mysql.cj.exceptions.UnableToConnectException: Cannot load connection class because of underlying exception: com.mysql.cj.exceptions.WrongArgumentException: Malformed database URL, failed to parse the connection string near ';useSSL=false&amp;allowPublicKeyRetrieval=true'.
	at java.base/jdk.internal.reflect.DirectConstructorHandleAccessor.newInstance(DirectConstructorHandleAccessor.java:62) ~[na:na]
	at java.base/java.lang.reflect.Constructor.newInstanceWithCaller(Constructor.java:502) ~[na:na]
	at java.base/java.lang.reflect.Constructor.newInstance(Constructor.java:486) ~[na:na]
	at com.mysql.cj.exceptions.ExceptionFactory.createException(ExceptionFactory.java:52) ~[mysql-connector-j-9.5.0.jar:9.5.0]
	at com.mysql.cj.exceptions.ExceptionFactory.createException(ExceptionFactory.java:95) ~[mysql-connector-j-9.5.0.jar:9.5.0]
	... 49 common frames omitted
Caused by: com.mysql.cj.exceptions.WrongArgumentException: Malformed database URL, failed to parse the connection string near ';useSSL=false&amp;allowPublicKeyRetrieval=true'.
	at java.base/jdk.internal.reflect.DirectConstructorHandleAccessor.newInstance(DirectConstructorHandleAccessor.java:62) ~[na:na]
	at java.base/java.lang.reflect.Constructor.newInstanceWithCaller(Constructor.java:502) ~[na:na]
	at java.base/java.lang.reflect.Constructor.newInstance(Constructor.java:486) ~[na:na]
	at com.mysql.cj.exceptions.ExceptionFactory.createException(ExceptionFactory.java:52) ~[mysql-connector-j-9.5.0.jar:9.5.0]
	at com.mysql.cj.conf.ConnectionUrlParser.processKeyValuePattern(ConnectionUrlParser.java:529) ~[mysql-connector-j-9.5.0.jar:9.5.0]
	at com.mysql.cj.conf.ConnectionUrlParser.parseQuerySection(ConnectionUrlParser.java:509) ~[mysql-connector-j-9.5.0.jar:9.5.0]
	at com.mysql.cj.conf.ConnectionUrlParser.getProperties(ConnectionUrlParser.java:655) ~[mysql-connector-j-9.5.0.jar:9.5.0]
	at com.mysql.cj.conf.ConnectionUrl$Type.getConnectionUrlInstance(ConnectionUrl.java:206) ~[mysql-connector-j-9.5.0.jar:9.5.0]
	at com.mysql.cj.conf.ConnectionUrl.getConnectionUrlInstance(ConnectionUrl.java:282) ~[mysql-connector-j-9.5.0.jar:9.5.0]
	at com.mysql.cj.jdbc.NonRegisteringDriver.connect(NonRegisteringDriver.java:177) ~[mysql-connector-j-9.5.0.jar:9.5.0]
	... 48 common frames omitted

2025-11-26T00:10:22.469+05:30  WARN 16872 --- [demo] [restartedMain] org.hibernate.orm.deprecation            : HHH90000025: MySQLDialect does not need to be specified explicitly using 'hibernate.dialect' (remove the property setting and it will be selected by default)
2025-11-26T00:10:22.478+05:30  INFO 16872 --- [demo] [restartedMain] org.hibernate.orm.connections.pooling    : HHH10001005: Database info:
	Database JDBC URL [Connecting through datasource 'HikariDataSource (null)']
	Database driver: undefined/unknown
	Database version: 8.0
	Autocommit mode: undefined/unknown
	Isolation level: undefined/unknown
	Minimum pool size: undefined/unknown
	Maximum pool size: undefined/unknown
2025-11-26T00:10:22.710+05:30  INFO 16872 --- [demo] [restartedMain] o.h.e.t.j.p.i.JtaPlatformInitiator       : HHH000489: No JTA platform available (set 'hibernate.transaction.jta.platform' to enable JTA platform integration)
2025-11-26T00:10:22.715+05:30  INFO 16872 --- [demo] [restartedMain] j.LocalContainerEntityManagerFactoryBean : Initialized JPA EntityManagerFactory for persistence unit 'default'
2025-11-26T00:10:23.680+05:30  INFO 16872 --- [demo] [restartedMain] o.s.b.d.a.OptionalLiveReloadServer       : LiveReload server is running on port 35729
2025-11-26T00:10:23.687+05:30  INFO 16872 --- [demo] [restartedMain] o.s.b.a.e.web.EndpointLinksResolver      : Exposing 4 endpoints beneath base path '/actuator'
2025-11-26T00:10:23.773+05:30  INFO 16872 --- [demo] [restartedMain] o.s.b.w.embedded.tomcat.TomcatWebServer  : Tomcat started on port 8080 (http) with context path '/'
2025-11-26T00:10:23.786+05:30  INFO 16872 --- [demo] [restartedMain] com.mealdb.Application                   : Started Application in 4.882 seconds (process running for 5.482)
2025-11-26T00:10:24.111+05:30  INFO 16872 --- [demo] [RMI TCP Connection(10)-127.0.0.1] o.a.c.c.C.[Tomcat].[localhost].[/]       : Initializing Spring DispatcherServlet 'dispatcherServlet'
2025-11-26T00:10:24.111+05:30  INFO 16872 --- [demo] [RMI TCP Connection(10)-127.0.0.1] o.s.web.servlet.DispatcherServlet        : Initializing Servlet 'dispatcherServlet'
2025-11-26T00:10:24.112+05:30  INFO 16872 --- [demo] [RMI TCP Connection(10)-127.0.0.1] o.s.web.servlet.DispatcherServlet        : Completed initialization in 1 ms
2025-11-26T00:10:31.149+05:30  INFO 16872 --- [demo] [http-nio-8080-exec-2] com.mealdb.service.MealService           : Fetching category name from TheMealDB API
2025-11-26T00:11:22.431+05:30  INFO 16872 --- [demo] [http-nio-8080-exec-3] com.mealdb.service.MealService           : Fetching random recipe from TheMealDB API
2025-11-26T00:17:11.022+05:30  INFO 16872 --- [demo] [RMI TCP Connection(18)-127.0.0.1] inMXBeanRegistrar$SpringApplicationAdmin : Application shutdown requested.
2025-11-26T00:17:11.025+05:30  INFO 16872 --- [demo] [RMI TCP Connection(18)-127.0.0.1] o.s.b.w.e.tomcat.GracefulShutdown        : Commencing graceful shutdown. Waiting for active requests to complete
2025-11-26T00:17:11.032+05:30  INFO 16872 --- [demo] [tomcat-shutdown] o.s.b.w.e.tomcat.GracefulShutdown        : Graceful shutdown complete
2025-11-26T00:17:11.037+05:30  INFO 16872 --- [demo] [RMI TCP Connection(18)-127.0.0.1] j.LocalContainerEntityManagerFactoryBean : Closing JPA EntityManagerFactory for persistence unit 'default'
2025-11-26T00:37:56.158+05:30  INFO 12832 --- [mealdb-explorer] [restartedMain] com.mealdb.Application                   : Starting Application using Java 21.0.6 with PID 12832 (C:\Users\SANKET\Desktop\Finfactor\spring_boot_backend_template\spring_boot_backend_template\target\classes started by SANKET in C:\Users\SANKET\Desktop\Finfactor\spring_boot_backend_template\spring_boot_backend_template)
2025-11-26T00:37:56.160+05:30  INFO 12832 --- [mealdb-explorer] [restartedMain] com.mealdb.Application                   : No active profile set, falling back to 1 default profile: "default"
2025-11-26T00:37:56.204+05:30  INFO 12832 --- [mealdb-explorer] [restartedMain] .e.DevToolsPropertyDefaultsPostProcessor : Devtools property defaults active! Set 'spring.devtools.add-properties' to 'false' to disable
2025-11-26T00:37:56.204+05:30  INFO 12832 --- [mealdb-explorer] [restartedMain] .e.DevToolsPropertyDefaultsPostProcessor : For additional web related logging consider setting the 'logging.level.web' property to 'DEBUG'
2025-11-26T00:37:57.520+05:30  INFO 12832 --- [mealdb-explorer] [restartedMain] o.s.b.w.embedded.tomcat.TomcatWebServer  : Tomcat initialized with port 8080 (http)
2025-11-26T00:37:57.533+05:30  INFO 12832 --- [mealdb-explorer] [restartedMain] o.apache.catalina.core.StandardService   : Starting service [Tomcat]
2025-11-26T00:37:57.533+05:30  INFO 12832 --- [mealdb-explorer] [restartedMain] o.apache.catalina.core.StandardEngine    : Starting Servlet engine: [Apache Tomcat/10.1.49]
2025-11-26T00:37:57.577+05:30  INFO 12832 --- [mealdb-explorer] [restartedMain] o.a.c.c.C.[Tomcat].[localhost].[/]       : Initializing Spring embedded WebApplicationContext
2025-11-26T00:37:57.577+05:30  INFO 12832 --- [mealdb-explorer] [restartedMain] w.s.c.ServletWebServerApplicationContext : Root WebApplicationContext: initialization completed in 1372 ms
2025-11-26T00:37:58.569+05:30  INFO 12832 --- [mealdb-explorer] [restartedMain] o.s.b.d.a.OptionalLiveReloadServer       : LiveReload server is running on port 35729
2025-11-26T00:37:58.575+05:30  INFO 12832 --- [mealdb-explorer] [restartedMain] o.s.b.a.e.web.EndpointLinksResolver      : Exposing 4 endpoints beneath base path '/actuator'
2025-11-26T00:37:58.631+05:30  INFO 12832 --- [mealdb-explorer] [restartedMain] o.s.b.w.embedded.tomcat.TomcatWebServer  : Tomcat started on port 8080 (http) with context path '/'
2025-11-26T00:37:58.643+05:30  INFO 12832 --- [mealdb-explorer] [restartedMain] com.mealdb.Application                   : Started Application in 2.859 seconds (process running for 3.416)
2025-11-26T00:37:59.026+05:30  INFO 12832 --- [mealdb-explorer] [RMI TCP Connection(10)-127.0.0.1] o.a.c.c.C.[Tomcat].[localhost].[/]       : Initializing Spring DispatcherServlet 'dispatcherServlet'
2025-11-26T00:37:59.027+05:30  INFO 12832 --- [mealdb-explorer] [RMI TCP Connection(10)-127.0.0.1] o.s.web.servlet.DispatcherServlet        : Initializing Servlet 'dispatcherServlet'
2025-11-26T00:37:59.029+05:30  INFO 12832 --- [mealdb-explorer] [RMI TCP Connection(10)-127.0.0.1] o.s.web.servlet.DispatcherServlet        : Completed initialization in 2 ms
2025-11-26T00:38:07.222+05:30  INFO 12832 --- [mealdb-explorer] [http-nio-8080-exec-1] com.mealdb.service.MealService           : Fetching random recipe from TheMealDB API
2025-11-26T00:38:17.363+05:30  INFO 12832 --- [mealdb-explorer] [http-nio-8080-exec-9] o.springdoc.api.AbstractOpenApiResource  : Init duration for springdoc-openapi is: 124 ms
2025-11-26T00:38:39.390+05:30  INFO 12832 --- [mealdb-explorer] [http-nio-8080-exec-1] com.mealdb.service.MealService           : Fetching categories from TheMealDB API
2025-11-26T00:38:59.957+05:30  INFO 12832 --- [mealdb-explorer] [RMI TCP Connection(12)-127.0.0.1] inMXBeanRegistrar$SpringApplicationAdmin : Application shutdown requested.
2025-11-26T00:38:59.960+05:30  INFO 12832 --- [mealdb-explorer] [RMI TCP Connection(12)-127.0.0.1] o.s.b.w.e.tomcat.GracefulShutdown        : Commencing graceful shutdown. Waiting for active requests to complete
2025-11-26T00:38:59.966+05:30  INFO 12832 --- [mealdb-explorer] [tomcat-shutdown] o.s.b.w.e.tomcat.GracefulShutdown        : Graceful shutdown complete
2025-11-26T00:56:06.974+05:30  INFO 2264 --- [mealdb-explorer] [restartedMain] com.mealdb.Application                   : Starting Application using Java 21.0.6 with PID 2264 (C:\Users\SANKET\Desktop\Finfactor\spring_boot_backend_template\spring_boot_backend_template\target\classes started by SANKET in C:\Users\SANKET\Desktop\Finfactor\spring_boot_backend_template\spring_boot_backend_template)
2025-11-26T00:56:06.976+05:30  INFO 2264 --- [mealdb-explorer] [restartedMain] com.mealdb.Application                   : No active profile set, falling back to 1 default profile: "default"
2025-11-26T00:56:07.019+05:30  INFO 2264 --- [mealdb-explorer] [restartedMain] .e.DevToolsPropertyDefaultsPostProcessor : Devtools property defaults active! Set 'spring.devtools.add-properties' to 'false' to disable
2025-11-26T00:56:07.019+05:30  INFO 2264 --- [mealdb-explorer] [restartedMain] .e.DevToolsPropertyDefaultsPostProcessor : For additional web related logging consider setting the 'logging.level.web' property to 'DEBUG'
2025-11-26T00:56:08.319+05:30  INFO 2264 --- [mealdb-explorer] [restartedMain] o.s.b.w.embedded.tomcat.TomcatWebServer  : Tomcat initialized with port 8080 (http)
2025-11-26T00:56:08.331+05:30  INFO 2264 --- [mealdb-explorer] [restartedMain] o.apache.catalina.core.StandardService   : Starting service [Tomcat]
2025-11-26T00:56:08.331+05:30  INFO 2264 --- [mealdb-explorer] [restartedMain] o.apache.catalina.core.StandardEngine    : Starting Servlet engine: [Apache Tomcat/10.1.49]
2025-11-26T00:56:08.372+05:30  INFO 2264 --- [mealdb-explorer] [restartedMain] o.a.c.c.C.[Tomcat].[localhost].[/]       : Initializing Spring embedded WebApplicationContext
2025-11-26T00:56:08.373+05:30  INFO 2264 --- [mealdb-explorer] [restartedMain] w.s.c.ServletWebServerApplicationContext : Root WebApplicationContext: initialization completed in 1353 ms
2025-11-26T00:56:09.397+05:30  INFO 2264 --- [mealdb-explorer] [restartedMain] o.s.b.d.a.OptionalLiveReloadServer       : LiveReload server is running on port 35729
2025-11-26T00:56:09.405+05:30  INFO 2264 --- [mealdb-explorer] [restartedMain] o.s.b.a.e.web.EndpointLinksResolver      : Exposing 4 endpoints beneath base path '/actuator'
2025-11-26T00:56:09.463+05:30  INFO 2264 --- [mealdb-explorer] [restartedMain] o.s.b.w.embedded.tomcat.TomcatWebServer  : Tomcat started on port 8080 (http) with context path '/'
2025-11-26T00:56:09.475+05:30  INFO 2264 --- [mealdb-explorer] [restartedMain] com.mealdb.Application                   : Started Application in 2.836 seconds (process running for 3.354)
2025-11-26T00:56:09.988+05:30  INFO 2264 --- [mealdb-explorer] [RMI TCP Connection(10)-127.0.0.1] o.a.c.c.C.[Tomcat].[localhost].[/]       : Initializing Spring DispatcherServlet 'dispatcherServlet'
2025-11-26T00:56:09.988+05:30  INFO 2264 --- [mealdb-explorer] [RMI TCP Connection(10)-127.0.0.1] o.s.web.servlet.DispatcherServlet        : Initializing Servlet 'dispatcherServlet'
2025-11-26T00:56:09.989+05:30  INFO 2264 --- [mealdb-explorer] [RMI TCP Connection(10)-127.0.0.1] o.s.web.servlet.DispatcherServlet        : Completed initialization in 1 ms
2025-11-26T00:56:10.035+05:30  INFO 2264 --- [mealdb-explorer] [RMI TCP Connection(9)-127.0.0.1] inMXBeanRegistrar$SpringApplicationAdmin : Application shutdown requested.
2025-11-26T00:56:10.038+05:30  INFO 2264 --- [mealdb-explorer] [RMI TCP Connection(9)-127.0.0.1] o.s.b.w.e.tomcat.GracefulShutdown        : Commencing graceful shutdown. Waiting for active requests to complete
2025-11-26T00:56:10.046+05:30  INFO 2264 --- [mealdb-explorer] [tomcat-shutdown] o.s.b.w.e.tomcat.GracefulShutdown        : Graceful shutdown complete
2025-11-26T00:56:16.491+05:30  INFO 7464 --- [mealdb-explorer] [restartedMain] com.mealdb.Application                   : Starting Application using Java 21.0.6 with PID 7464 (C:\Users\SANKET\Desktop\Finfactor\spring_boot_backend_template\spring_boot_backend_template\target\classes started by SANKET in C:\Users\SANKET\Desktop\Finfactor\spring_boot_backend_template\spring_boot_backend_template)
2025-11-26T00:56:16.494+05:30  INFO 7464 --- [mealdb-explorer] [restartedMain] com.mealdb.Application                   : No active profile set, falling back to 1 default profile: "default"
2025-11-26T00:56:16.544+05:30  INFO 7464 --- [mealdb-explorer] [restartedMain] .e.DevToolsPropertyDefaultsPostProcessor : Devtools property defaults active! Set 'spring.devtools.add-properties' to 'false' to disable
2025-11-26T00:56:16.544+05:30  INFO 7464 --- [mealdb-explorer] [restartedMain] .e.DevToolsPropertyDefaultsPostProcessor : For additional web related logging consider setting the 'logging.level.web' property to 'DEBUG'
2025-11-26T00:56:17.711+05:30  INFO 7464 --- [mealdb-explorer] [restartedMain] o.s.b.w.embedded.tomcat.TomcatWebServer  : Tomcat initialized with port 8080 (http)
2025-11-26T00:56:17.723+05:30  INFO 7464 --- [mealdb-explorer] [restartedMain] o.apache.catalina.core.StandardService   : Starting service [Tomcat]
2025-11-26T00:56:17.724+05:30  INFO 7464 --- [mealdb-explorer] [restartedMain] o.apache.catalina.core.StandardEngine    : Starting Servlet engine: [Apache Tomcat/10.1.49]
2025-11-26T00:56:17.766+05:30  INFO 7464 --- [mealdb-explorer] [restartedMain] o.a.c.c.C.[Tomcat].[localhost].[/]       : Initializing Spring embedded WebApplicationContext
2025-11-26T00:56:17.767+05:30  INFO 7464 --- [mealdb-explorer] [restartedMain] w.s.c.ServletWebServerApplicationContext : Root WebApplicationContext: initialization completed in 1222 ms
2025-11-26T00:56:18.711+05:30  INFO 7464 --- [mealdb-explorer] [restartedMain] o.s.b.d.a.OptionalLiveReloadServer       : LiveReload server is running on port 35729
2025-11-26T00:56:18.718+05:30  INFO 7464 --- [mealdb-explorer] [restartedMain] o.s.b.a.e.web.EndpointLinksResolver      : Exposing 4 endpoints beneath base path '/actuator'
2025-11-26T00:56:18.773+05:30  INFO 7464 --- [mealdb-explorer] [restartedMain] o.s.b.w.embedded.tomcat.TomcatWebServer  : Tomcat started on port 8080 (http) with context path '/'
2025-11-26T00:56:18.785+05:30  INFO 7464 --- [mealdb-explorer] [restartedMain] com.mealdb.Application                   : Started Application in 2.693 seconds (process running for 3.206)
2025-11-26T00:56:19.431+05:30  INFO 7464 --- [mealdb-explorer] [RMI TCP Connection(6)-127.0.0.1] o.a.c.c.C.[Tomcat].[localhost].[/]       : Initializing Spring DispatcherServlet 'dispatcherServlet'
2025-11-26T00:56:19.431+05:30  INFO 7464 --- [mealdb-explorer] [RMI TCP Connection(6)-127.0.0.1] o.s.web.servlet.DispatcherServlet        : Initializing Servlet 'dispatcherServlet'
2025-11-26T00:56:19.433+05:30  INFO 7464 --- [mealdb-explorer] [RMI TCP Connection(6)-127.0.0.1] o.s.web.servlet.DispatcherServlet        : Completed initialization in 0 ms
2025-11-26T00:56:28.443+05:30  INFO 7464 --- [mealdb-explorer] [http-nio-8080-exec-4] o.springdoc.api.AbstractOpenApiResource  : Init duration for springdoc-openapi is: 125 ms
2025-11-26T00:56:36.978+05:30  INFO 7464 --- [mealdb-explorer] [http-nio-8080-exec-5] com.mealdb.service.MealService           : Fetching random recipe from TheMealDB API
2025-11-26T00:56:59.221+05:30  INFO 7464 --- [mealdb-explorer] [http-nio-8080-exec-6] com.mealdb.service.MealService           : Fetching meals by category from TheMealDB API: Dessert
2025-11-26T00:59:36.538+05:30  INFO 7464 --- [mealdb-explorer] [http-nio-8080-exec-9] com.mealdb.service.MealService           : Fetching recipe details by ID from TheMealDB API
2025-11-26T01:01:31.229+05:30  INFO 7464 --- [mealdb-explorer] [File Watcher] rtingClassPathChangeChangedEventListener : Restarting due to 1 class path change (1 addition, 0 deletions, 0 modifications)
2025-11-26T01:01:31.232+05:30  INFO 7464 --- [mealdb-explorer] [Thread-5] o.s.b.w.e.tomcat.GracefulShutdown        : Commencing graceful shutdown. Waiting for active requests to complete
2025-11-26T01:01:31.239+05:30  INFO 7464 --- [mealdb-explorer] [tomcat-shutdown] o.s.b.w.e.tomcat.GracefulShutdown        : Graceful shutdown complete
2025-11-26T01:01:31.337+05:30  INFO 7464 --- [mealdb-explorer] [restartedMain] com.mealdb.Application                   : Starting Application using Java 21.0.6 with PID 7464 (C:\Users\SANKET\Desktop\Finfactor\spring_boot_backend_template\spring_boot_backend_template\target\classes started by SANKET in C:\Users\SANKET\Desktop\Finfactor\spring_boot_backend_template\spring_boot_backend_template)
2025-11-26T01:01:31.337+05:30  INFO 7464 --- [mealdb-explorer] [restartedMain] com.mealdb.Application                   : No active profile set, falling back to 1 default profile: "default"
2025-11-26T01:01:31.879+05:30  INFO 7464 --- [mealdb-explorer] [restartedMain] o.s.b.w.embedded.tomcat.TomcatWebServer  : Tomcat initialized with port 8080 (http)
2025-11-26T01:01:31.882+05:30  INFO 7464 --- [mealdb-explorer] [restartedMain] o.apache.catalina.core.StandardService   : Starting service [Tomcat]
2025-11-26T01:01:31.883+05:30  INFO 7464 --- [mealdb-explorer] [restartedMain] o.apache.catalina.core.StandardEngine    : Starting Servlet engine: [Apache Tomcat/10.1.49]
2025-11-26T01:01:31.901+05:30  INFO 7464 --- [mealdb-explorer] [restartedMain] o.a.c.c.C.[Tomcat].[localhost].[/]       : Initializing Spring embedded WebApplicationContext
2025-11-26T01:01:31.901+05:30  INFO 7464 --- [mealdb-explorer] [restartedMain] w.s.c.ServletWebServerApplicationContext : Root WebApplicationContext: initialization completed in 561 ms
2025-11-26T01:01:32.189+05:30  INFO 7464 --- [mealdb-explorer] [restartedMain] o.s.b.d.a.OptionalLiveReloadServer       : LiveReload server is running on port 35729
2025-11-26T01:01:32.192+05:30  INFO 7464 --- [mealdb-explorer] [restartedMain] o.s.b.a.e.web.EndpointLinksResolver      : Exposing 4 endpoints beneath base path '/actuator'
2025-11-26T01:01:32.212+05:30  INFO 7464 --- [mealdb-explorer] [restartedMain] o.s.b.w.embedded.tomcat.TomcatWebServer  : Tomcat started on port 8080 (http) with context path '/'
2025-11-26T01:01:32.218+05:30  INFO 7464 --- [mealdb-explorer] [restartedMain] com.mealdb.Application                   : Started Application in 0.906 seconds (process running for 316.639)
2025-11-26T01:01:32.221+05:30  INFO 7464 --- [mealdb-explorer] [restartedMain] .ConditionEvaluationDeltaLoggingListener : Condition evaluation unchanged
2025-11-26T01:01:41.003+05:30  INFO 7464 --- [mealdb-explorer] [RMI TCP Connection(15)-127.0.0.1] inMXBeanRegistrar$SpringApplicationAdmin : Application shutdown requested.
2025-11-26T01:01:41.004+05:30  INFO 7464 --- [mealdb-explorer] [RMI TCP Connection(15)-127.0.0.1] o.s.b.w.e.tomcat.GracefulShutdown        : Commencing graceful shutdown. Waiting for active requests to complete
2025-11-26T01:01:41.009+05:30  INFO 7464 --- [mealdb-explorer] [tomcat-shutdown] o.s.b.w.e.tomcat.GracefulShutdown        : Graceful shutdown complete
2025-11-26T01:03:04.410+05:30  INFO 836 --- [mealdb-explorer] [restartedMain] com.mealdb.Application                   : Starting Application using Java 21.0.6 with PID 836 (C:\Users\SANKET\Desktop\Finfactor\spring_boot_backend_template\spring_boot_backend_template\target\classes started by SANKET in C:\Users\SANKET\Desktop\Finfactor\spring_boot_backend_template\spring_boot_backend_template)
2025-11-26T01:03:04.412+05:30  INFO 836 --- [mealdb-explorer] [restartedMain] com.mealdb.Application                   : No active profile set, falling back to 1 default profile: "default"
2025-11-26T01:03:04.452+05:30  INFO 836 --- [mealdb-explorer] [restartedMain] .e.DevToolsPropertyDefaultsPostProcessor : Devtools property defaults active! Set 'spring.devtools.add-properties' to 'false' to disable
2025-11-26T01:03:04.452+05:30  INFO 836 --- [mealdb-explorer] [restartedMain] .e.DevToolsPropertyDefaultsPostProcessor : For additional web related logging consider setting the 'logging.level.web' property to 'DEBUG'
2025-11-26T01:03:05.732+05:30  INFO 836 --- [mealdb-explorer] [restartedMain] o.s.b.w.embedded.tomcat.TomcatWebServer  : Tomcat initialized with port 8080 (http)
2025-11-26T01:03:05.745+05:30  INFO 836 --- [mealdb-explorer] [restartedMain] o.apache.catalina.core.StandardService   : Starting service [Tomcat]
2025-11-26T01:03:05.745+05:30  INFO 836 --- [mealdb-explorer] [restartedMain] o.apache.catalina.core.StandardEngine    : Starting Servlet engine: [Apache Tomcat/10.1.49]
2025-11-26T01:03:05.788+05:30  INFO 836 --- [mealdb-explorer] [restartedMain] o.a.c.c.C.[Tomcat].[localhost].[/]       : Initializing Spring embedded WebApplicationContext
2025-11-26T01:03:05.788+05:30  INFO 836 --- [mealdb-explorer] [restartedMain] w.s.c.ServletWebServerApplicationContext : Root WebApplicationContext: initialization completed in 1336 ms
2025-11-26T01:03:06.757+05:30  INFO 836 --- [mealdb-explorer] [restartedMain] o.s.b.d.a.OptionalLiveReloadServer       : LiveReload server is running on port 35729
2025-11-26T01:03:06.763+05:30  INFO 836 --- [mealdb-explorer] [restartedMain] o.s.b.a.e.web.EndpointLinksResolver      : Exposing 4 endpoints beneath base path '/actuator'
2025-11-26T01:03:06.820+05:30  INFO 836 --- [mealdb-explorer] [restartedMain] o.s.b.w.embedded.tomcat.TomcatWebServer  : Tomcat started on port 8080 (http) with context path '/'
2025-11-26T01:03:06.832+05:30  INFO 836 --- [mealdb-explorer] [restartedMain] com.mealdb.Application                   : Started Application in 2.793 seconds (process running for 3.319)
2025-11-26T01:03:07.372+05:30  INFO 836 --- [mealdb-explorer] [RMI TCP Connection(10)-127.0.0.1] o.a.c.c.C.[Tomcat].[localhost].[/]       : Initializing Spring DispatcherServlet 'dispatcherServlet'
2025-11-26T01:03:07.372+05:30  INFO 836 --- [mealdb-explorer] [RMI TCP Connection(10)-127.0.0.1] o.s.web.servlet.DispatcherServlet        : Initializing Servlet 'dispatcherServlet'
2025-11-26T01:03:07.373+05:30  INFO 836 --- [mealdb-explorer] [RMI TCP Connection(10)-127.0.0.1] o.s.web.servlet.DispatcherServlet        : Completed initialization in 1 ms
2025-11-26T01:03:23.218+05:30  INFO 836 --- [mealdb-explorer] [http-nio-8080-exec-1] com.mealdb.service.MealService           : Fetching meals by category from TheMealDB API: Dessert
2025-11-26T01:03:24.202+05:30  WARN 836 --- [mealdb-explorer] [http-nio-8080-exec-1] .m.m.a.ExceptionHandlerExceptionResolver : Resolved [java.lang.ClassCastException: class com.mealdb.dto.MealByCategory cannot be cast to class com.mealdb.dto.MealResponse (com.mealdb.dto.MealByCategory and com.mealdb.dto.MealResponse are in unnamed module of loader org.springframework.boot.devtools.restart.classloader.RestartClassLoader @7f76d11)]
2025-11-26T01:03:30.152+05:30  WARN 836 --- [mealdb-explorer] [http-nio-8080-exec-2] .m.m.a.ExceptionHandlerExceptionResolver : Resolved [java.lang.ClassCastException: class com.mealdb.dto.MealByCategory cannot be cast to class com.mealdb.dto.MealResponse (com.mealdb.dto.MealByCategory and com.mealdb.dto.MealResponse are in unnamed module of loader org.springframework.boot.devtools.restart.classloader.RestartClassLoader @7f76d11)]
2025-11-26T01:03:49.182+05:30  INFO 836 --- [mealdb-explorer] [RMI TCP Connection(13)-127.0.0.1] inMXBeanRegistrar$SpringApplicationAdmin : Application shutdown requested.
2025-11-26T01:03:49.184+05:30  INFO 836 --- [mealdb-explorer] [RMI TCP Connection(13)-127.0.0.1] o.s.b.w.e.tomcat.GracefulShutdown        : Commencing graceful shutdown. Waiting for active requests to complete
2025-11-26T01:03:49.191+05:30  INFO 836 --- [mealdb-explorer] [tomcat-shutdown] o.s.b.w.e.tomcat.GracefulShutdown        : Graceful shutdown complete
2025-11-26T01:03:52.353+05:30  INFO 15972 --- [mealdb-explorer] [restartedMain] com.mealdb.Application                   : Starting Application using Java 21.0.6 with PID 15972 (C:\Users\SANKET\Desktop\Finfactor\spring_boot_backend_template\spring_boot_backend_template\target\classes started by SANKET in C:\Users\SANKET\Desktop\Finfactor\spring_boot_backend_template\spring_boot_backend_template)
2025-11-26T01:03:52.355+05:30  INFO 15972 --- [mealdb-explorer] [restartedMain] com.mealdb.Application                   : No active profile set, falling back to 1 default profile: "default"
2025-11-26T01:03:52.413+05:30  INFO 15972 --- [mealdb-explorer] [restartedMain] .e.DevToolsPropertyDefaultsPostProcessor : Devtools property defaults active! Set 'spring.devtools.add-properties' to 'false' to disable
2025-11-26T01:03:52.414+05:30  INFO 15972 --- [mealdb-explorer] [restartedMain] .e.DevToolsPropertyDefaultsPostProcessor : For additional web related logging consider setting the 'logging.level.web' property to 'DEBUG'
2025-11-26T01:03:53.544+05:30  INFO 15972 --- [mealdb-explorer] [restartedMain] o.s.b.w.embedded.tomcat.TomcatWebServer  : Tomcat initialized with port 8080 (http)
2025-11-26T01:03:53.557+05:30  INFO 15972 --- [mealdb-explorer] [restartedMain] o.apache.catalina.core.StandardService   : Starting service [Tomcat]
2025-11-26T01:03:53.557+05:30  INFO 15972 --- [mealdb-explorer] [restartedMain] o.apache.catalina.core.StandardEngine    : Starting Servlet engine: [Apache Tomcat/10.1.49]
2025-11-26T01:03:53.599+05:30  INFO 15972 --- [mealdb-explorer] [restartedMain] o.a.c.c.C.[Tomcat].[localhost].[/]       : Initializing Spring embedded WebApplicationContext
2025-11-26T01:03:53.600+05:30  INFO 15972 --- [mealdb-explorer] [restartedMain] w.s.c.ServletWebServerApplicationContext : Root WebApplicationContext: initialization completed in 1186 ms
2025-11-26T01:03:54.531+05:30  INFO 15972 --- [mealdb-explorer] [restartedMain] o.s.b.d.a.OptionalLiveReloadServer       : LiveReload server is running on port 35729
2025-11-26T01:03:54.538+05:30  INFO 15972 --- [mealdb-explorer] [restartedMain] o.s.b.a.e.web.EndpointLinksResolver      : Exposing 4 endpoints beneath base path '/actuator'
2025-11-26T01:03:54.596+05:30  INFO 15972 --- [mealdb-explorer] [restartedMain] o.s.b.w.embedded.tomcat.TomcatWebServer  : Tomcat started on port 8080 (http) with context path '/'
2025-11-26T01:03:54.608+05:30  INFO 15972 --- [mealdb-explorer] [restartedMain] com.mealdb.Application                   : Started Application in 2.648 seconds (process running for 3.202)
2025-11-26T01:03:55.198+05:30  INFO 15972 --- [mealdb-explorer] [RMI TCP Connection(7)-127.0.0.1] o.a.c.c.C.[Tomcat].[localhost].[/]       : Initializing Spring DispatcherServlet 'dispatcherServlet'
2025-11-26T01:03:55.199+05:30  INFO 15972 --- [mealdb-explorer] [RMI TCP Connection(7)-127.0.0.1] o.s.web.servlet.DispatcherServlet        : Initializing Servlet 'dispatcherServlet'
2025-11-26T01:03:55.200+05:30  INFO 15972 --- [mealdb-explorer] [RMI TCP Connection(7)-127.0.0.1] o.s.web.servlet.DispatcherServlet        : Completed initialization in 1 ms
2025-11-26T01:04:07.537+05:30  INFO 15972 --- [mealdb-explorer] [http-nio-8080-exec-4] o.springdoc.api.AbstractOpenApiResource  : Init duration for springdoc-openapi is: 126 ms
2025-11-26T01:04:22.216+05:30  INFO 15972 --- [mealdb-explorer] [http-nio-8080-exec-5] com.mealdb.service.MealService           : Fetching meals by category from TheMealDB API: Dessert
2025-11-26T01:04:23.167+05:30  WARN 15972 --- [mealdb-explorer] [http-nio-8080-exec-5] .m.m.a.ExceptionHandlerExceptionResolver : Resolved [java.lang.ClassCastException: class com.mealdb.dto.MealByCategory cannot be cast to class com.mealdb.dto.MealResponse (com.mealdb.dto.MealByCategory and com.mealdb.dto.MealResponse are in unnamed module of loader org.springframework.boot.devtools.restart.classloader.RestartClassLoader @6255e73b)]
2025-11-26T01:04:42.686+05:30  INFO 15972 --- [mealdb-explorer] [File Watcher] rtingClassPathChangeChangedEventListener : Restarting due to 1 class path change (0 additions, 0 deletions, 1 modification)
2025-11-26T01:04:42.694+05:30  INFO 15972 --- [mealdb-explorer] [Thread-5] o.s.b.w.e.tomcat.GracefulShutdown        : Commencing graceful shutdown. Waiting for active requests to complete
2025-11-26T01:04:42.702+05:30  INFO 15972 --- [mealdb-explorer] [tomcat-shutdown] o.s.b.w.e.tomcat.GracefulShutdown        : Graceful shutdown complete
2025-11-26T01:04:42.786+05:30  INFO 15972 --- [mealdb-explorer] [restartedMain] com.mealdb.Application                   : Starting Application using Java 21.0.6 with PID 15972 (C:\Users\SANKET\Desktop\Finfactor\spring_boot_backend_template\spring_boot_backend_template\target\classes started by SANKET in C:\Users\SANKET\Desktop\Finfactor\spring_boot_backend_template\spring_boot_backend_template)
2025-11-26T01:04:42.786+05:30  INFO 15972 --- [mealdb-explorer] [restartedMain] com.mealdb.Application                   : No active profile set, falling back to 1 default profile: "default"
2025-11-26T01:04:43.124+05:30  INFO 15972 --- [mealdb-explorer] [restartedMain] o.s.b.w.embedded.tomcat.TomcatWebServer  : Tomcat initialized with port 8080 (http)
2025-11-26T01:04:43.124+05:30  INFO 15972 --- [mealdb-explorer] [restartedMain] o.apache.catalina.core.StandardService   : Starting service [Tomcat]
2025-11-26T01:04:43.124+05:30  INFO 15972 --- [mealdb-explorer] [restartedMain] o.apache.catalina.core.StandardEngine    : Starting Servlet engine: [Apache Tomcat/10.1.49]
2025-11-26T01:04:43.150+05:30  INFO 15972 --- [mealdb-explorer] [restartedMain] o.a.c.c.C.[Tomcat].[localhost].[/]       : Initializing Spring embedded WebApplicationContext
2025-11-26T01:04:43.150+05:30  INFO 15972 --- [mealdb-explorer] [restartedMain] w.s.c.ServletWebServerApplicationContext : Root WebApplicationContext: initialization completed in 356 ms
2025-11-26T01:04:43.338+05:30  INFO 15972 --- [mealdb-explorer] [restartedMain] o.s.b.d.a.OptionalLiveReloadServer       : LiveReload server is running on port 35729
2025-11-26T01:04:43.338+05:30  INFO 15972 --- [mealdb-explorer] [restartedMain] o.s.b.a.e.web.EndpointLinksResolver      : Exposing 4 endpoints beneath base path '/actuator'
2025-11-26T01:04:43.371+05:30  INFO 15972 --- [mealdb-explorer] [restartedMain] o.s.b.w.embedded.tomcat.TomcatWebServer  : Tomcat started on port 8080 (http) with context path '/'
2025-11-26T01:04:43.381+05:30  INFO 15972 --- [mealdb-explorer] [restartedMain] com.mealdb.Application                   : Started Application in 0.621 seconds (process running for 51.974)
2025-11-26T01:04:43.385+05:30  INFO 15972 --- [mealdb-explorer] [restartedMain] .ConditionEvaluationDeltaLoggingListener : Condition evaluation unchanged
2025-11-26T01:05:35.002+05:30  INFO 15972 --- [mealdb-explorer] [RMI TCP Connection(16)-127.0.0.1] inMXBeanRegistrar$SpringApplicationAdmin : Application shutdown requested.
2025-11-26T01:05:35.003+05:30  INFO 15972 --- [mealdb-explorer] [RMI TCP Connection(16)-127.0.0.1] o.s.b.w.e.tomcat.GracefulShutdown        : Commencing graceful shutdown. Waiting for active requests to complete
2025-11-26T01:05:35.008+05:30  INFO 15972 --- [mealdb-explorer] [tomcat-shutdown] o.s.b.w.e.tomcat.GracefulShutdown        : Graceful shutdown complete
2025-11-26T01:07:07.892+05:30  INFO 25444 --- [mealdb-explorer] [restartedMain] com.mealdb.Application                   : Starting Application using Java 21.0.6 with PID 25444 (C:\Users\SANKET\Desktop\Finfactor\spring_boot_backend_template\spring_boot_backend_template\target\classes started by SANKET in C:\Users\SANKET\Desktop\Finfactor\spring_boot_backend_template\spring_boot_backend_template)
2025-11-26T01:07:07.893+05:30  INFO 25444 --- [mealdb-explorer] [restartedMain] com.mealdb.Application                   : No active profile set, falling back to 1 default profile: "default"
2025-11-26T01:07:07.940+05:30  INFO 25444 --- [mealdb-explorer] [restartedMain] .e.DevToolsPropertyDefaultsPostProcessor : Devtools property defaults active! Set 'spring.devtools.add-properties' to 'false' to disable
2025-11-26T01:07:07.940+05:30  INFO 25444 --- [mealdb-explorer] [restartedMain] .e.DevToolsPropertyDefaultsPostProcessor : For additional web related logging consider setting the 'logging.level.web' property to 'DEBUG'
2025-11-26T01:07:09.223+05:30  INFO 25444 --- [mealdb-explorer] [restartedMain] o.s.b.w.embedded.tomcat.TomcatWebServer  : Tomcat initialized with port 8080 (http)
2025-11-26T01:07:09.235+05:30  INFO 25444 --- [mealdb-explorer] [restartedMain] o.apache.catalina.core.StandardService   : Starting service [Tomcat]
2025-11-26T01:07:09.235+05:30  INFO 25444 --- [mealdb-explorer] [restartedMain] o.apache.catalina.core.StandardEngine    : Starting Servlet engine: [Apache Tomcat/10.1.49]
2025-11-26T01:07:09.275+05:30  INFO 25444 --- [mealdb-explorer] [restartedMain] o.a.c.c.C.[Tomcat].[localhost].[/]       : Initializing Spring embedded WebApplicationContext
2025-11-26T01:07:09.275+05:30  INFO 25444 --- [mealdb-explorer] [restartedMain] w.s.c.ServletWebServerApplicationContext : Root WebApplicationContext: initialization completed in 1335 ms
2025-11-26T01:07:10.260+05:30  INFO 25444 --- [mealdb-explorer] [restartedMain] o.s.b.d.a.OptionalLiveReloadServer       : LiveReload server is running on port 35729
2025-11-26T01:07:10.267+05:30  INFO 25444 --- [mealdb-explorer] [restartedMain] o.s.b.a.e.web.EndpointLinksResolver      : Exposing 4 endpoints beneath base path '/actuator'
2025-11-26T01:07:10.326+05:30  INFO 25444 --- [mealdb-explorer] [restartedMain] o.s.b.w.embedded.tomcat.TomcatWebServer  : Tomcat started on port 8080 (http) with context path '/'
2025-11-26T01:07:10.339+05:30  INFO 25444 --- [mealdb-explorer] [restartedMain] com.mealdb.Application                   : Started Application in 2.796 seconds (process running for 3.322)
2025-11-26T01:07:10.907+05:30  INFO 25444 --- [mealdb-explorer] [RMI TCP Connection(9)-127.0.0.1] o.a.c.c.C.[Tomcat].[localhost].[/]       : Initializing Spring DispatcherServlet 'dispatcherServlet'
2025-11-26T01:07:10.907+05:30  INFO 25444 --- [mealdb-explorer] [RMI TCP Connection(9)-127.0.0.1] o.s.web.servlet.DispatcherServlet        : Initializing Servlet 'dispatcherServlet'
2025-11-26T01:07:10.907+05:30  INFO 25444 --- [mealdb-explorer] [RMI TCP Connection(9)-127.0.0.1] o.s.web.servlet.DispatcherServlet        : Completed initialization in 0 ms
2025-11-26T01:07:19.322+05:30  INFO 25444 --- [mealdb-explorer] [http-nio-8080-exec-1] com.mealdb.service.MealService           : Fetching meals by category from TheMealDB API: Dessert
2025-11-26T01:07:20.592+05:30  WARN 25444 --- [mealdb-explorer] [http-nio-8080-exec-1] .m.m.a.ExceptionHandlerExceptionResolver : Resolved [java.lang.ClassCastException: class com.mealdb.dto.MealByCategory cannot be cast to class com.mealdb.dto.MealResponse (com.mealdb.dto.MealByCategory and com.mealdb.dto.MealResponse are in unnamed module of loader org.springframework.boot.devtools.restart.classloader.RestartClassLoader @1fac8eb6)]
2025-11-26T01:07:31.855+05:30  INFO 25444 --- [mealdb-explorer] [http-nio-8080-exec-2] com.mealdb.service.MealService           : Fetching random recipe from TheMealDB API
2025-11-26T01:07:45.776+05:30  INFO 25444 --- [mealdb-explorer] [http-nio-8080-exec-3] com.mealdb.service.MealService           : Fetching meals by category from TheMealDB API: Chicken
2025-11-26T01:07:46.182+05:30  WARN 25444 --- [mealdb-explorer] [http-nio-8080-exec-3] .m.m.a.ExceptionHandlerExceptionResolver : Resolved [java.lang.ClassCastException: class com.mealdb.dto.MealByCategory cannot be cast to class com.mealdb.dto.MealResponse (com.mealdb.dto.MealByCategory and com.mealdb.dto.MealResponse are in unnamed module of loader org.springframework.boot.devtools.restart.classloader.RestartClassLoader @1fac8eb6)]
2025-11-26T01:08:12.497+05:30  INFO 25444 --- [mealdb-explorer] [File Watcher] rtingClassPathChangeChangedEventListener : Restarting due to 2 class path changes (0 additions, 0 deletions, 2 modifications)
2025-11-26T01:08:12.502+05:30  INFO 25444 --- [mealdb-explorer] [Thread-5] o.s.b.w.e.tomcat.GracefulShutdown        : Commencing graceful shutdown. Waiting for active requests to complete
2025-11-26T01:08:12.509+05:30  INFO 25444 --- [mealdb-explorer] [tomcat-shutdown] o.s.b.w.e.tomcat.GracefulShutdown        : Graceful shutdown complete
2025-11-26T01:08:12.577+05:30  INFO 25444 --- [mealdb-explorer] [restartedMain] com.mealdb.Application                   : Starting Application using Java 21.0.6 with PID 25444 (C:\Users\SANKET\Desktop\Finfactor\spring_boot_backend_template\spring_boot_backend_template\target\classes started by SANKET in C:\Users\SANKET\Desktop\Finfactor\spring_boot_backend_template\spring_boot_backend_template)
2025-11-26T01:08:12.577+05:30  INFO 25444 --- [mealdb-explorer] [restartedMain] com.mealdb.Application                   : No active profile set, falling back to 1 default profile: "default"
2025-11-26T01:08:12.905+05:30  INFO 25444 --- [mealdb-explorer] [restartedMain] o.s.b.w.embedded.tomcat.TomcatWebServer  : Tomcat initialized with port 8080 (http)
2025-11-26T01:08:12.906+05:30  INFO 25444 --- [mealdb-explorer] [restartedMain] o.apache.catalina.core.StandardService   : Starting service [Tomcat]
2025-11-26T01:08:12.906+05:30  INFO 25444 --- [mealdb-explorer] [restartedMain] o.apache.catalina.core.StandardEngine    : Starting Servlet engine: [Apache Tomcat/10.1.49]
2025-11-26T01:08:12.922+05:30  INFO 25444 --- [mealdb-explorer] [restartedMain] o.a.c.c.C.[Tomcat].[localhost].[/]       : Initializing Spring embedded WebApplicationContext
2025-11-26T01:08:12.922+05:30  INFO 25444 --- [mealdb-explorer] [restartedMain] w.s.c.ServletWebServerApplicationContext : Root WebApplicationContext: initialization completed in 342 ms
2025-11-26T01:08:12.970+05:30  WARN 25444 --- [mealdb-explorer] [restartedMain] ConfigServletWebServerApplicationContext : Exception encountered during context initialization - cancelling refresh attempt: org.springframework.beans.factory.UnsatisfiedDependencyException: Error creating bean with name 'mealController' defined in file [C:\Users\SANKET\Desktop\Finfactor\spring_boot_backend_template\spring_boot_backend_template\target\classes\com\mealdb\controller\MealController.class]: Unsatisfied dependency expressed through constructor parameter 0: Error creating bean with name 'mealService': Lookup method resolution failed
2025-11-26T01:08:12.971+05:30  INFO 25444 --- [mealdb-explorer] [restartedMain] o.apache.catalina.core.StandardService   : Stopping service [Tomcat]
2025-11-26T01:08:12.981+05:30  INFO 25444 --- [mealdb-explorer] [restartedMain] .s.b.a.l.ConditionEvaluationReportLogger : 

Error starting ApplicationContext. To display the condition evaluation report re-run your application with 'debug' enabled.
2025-11-26T01:08:12.997+05:30 ERROR 25444 --- [mealdb-explorer] [restartedMain] o.s.boot.SpringApplication               : Application run failed

org.springframework.beans.factory.UnsatisfiedDependencyException: Error creating bean with name 'mealController' defined in file [C:\Users\SANKET\Desktop\Finfactor\spring_boot_backend_template\spring_boot_backend_template\target\classes\com\mealdb\controller\MealController.class]: Unsatisfied dependency expressed through constructor parameter 0: Error creating bean with name 'mealService': Lookup method resolution failed
	at org.springframework.beans.factory.support.ConstructorResolver.createArgumentArray(ConstructorResolver.java:804) ~[spring-beans-6.2.14.jar:6.2.14]
	at org.springframework.beans.factory.support.ConstructorResolver.autowireConstructor(ConstructorResolver.java:240) ~[spring-beans-6.2.14.jar:6.2.14]
	at org.springframework.beans.factory.support.AbstractAutowireCapableBeanFactory.autowireConstructor(AbstractAutowireCapableBeanFactory.java:1395) ~[spring-beans-6.2.14.jar:6.2.14]
	at org.springframework.beans.factory.support.AbstractAutowireCapableBeanFactory.createBeanInstance(AbstractAutowireCapableBeanFactory.java:1232) ~[spring-beans-6.2.14.jar:6.2.14]
	at org.springframework.beans.factory.support.AbstractAutowireCapableBeanFactory.doCreateBean(AbstractAutowireCapableBeanFactory.java:569) ~[spring-beans-6.2.14.jar:6.2.14]
	at org.springframework.beans.factory.support.AbstractAutowireCapableBeanFactory.createBean(AbstractAutowireCapableBeanFactory.java:529) ~[spring-beans-6.2.14.jar:6.2.14]
	at org.springframework.beans.factory.support.AbstractBeanFactory.lambda$doGetBean$0(AbstractBeanFactory.java:339) ~[spring-beans-6.2.14.jar:6.2.14]
	at org.springframework.beans.factory.support.DefaultSingletonBeanRegistry.getSingleton(DefaultSingletonBeanRegistry.java:373) ~[spring-beans-6.2.14.jar:6.2.14]
	at org.springframework.beans.factory.support.AbstractBeanFactory.doGetBean(AbstractBeanFactory.java:337) ~[spring-beans-6.2.14.jar:6.2.14]
	at org.springframework.beans.factory.support.AbstractBeanFactory.getBean(AbstractBeanFactory.java:202) ~[spring-beans-6.2.14.jar:6.2.14]
	at org.springframework.beans.factory.support.DefaultListableBeanFactory.instantiateSingleton(DefaultListableBeanFactory.java:1228) ~[spring-beans-6.2.14.jar:6.2.14]
	at org.springframework.beans.factory.support.DefaultListableBeanFactory.preInstantiateSingleton(DefaultListableBeanFactory.java:1194) ~[spring-beans-6.2.14.jar:6.2.14]
	at org.springframework.beans.factory.support.DefaultListableBeanFactory.preInstantiateSingletons(DefaultListableBeanFactory.java:1130) ~[spring-beans-6.2.14.jar:6.2.14]
	at org.springframework.context.support.AbstractApplicationContext.finishBeanFactoryInitialization(AbstractApplicationContext.java:990) ~[spring-context-6.2.14.jar:6.2.14]
	at org.springframework.context.support.AbstractApplicationContext.refresh(AbstractApplicationContext.java:627) ~[spring-context-6.2.14.jar:6.2.14]
	at org.springframework.boot.web.servlet.context.ServletWebServerApplicationContext.refresh(ServletWebServerApplicationContext.java:146) ~[spring-boot-3.5.8.jar:3.5.8]
	at org.springframework.boot.SpringApplication.refresh(SpringApplication.java:752) ~[spring-boot-3.5.8.jar:3.5.8]
	at org.springframework.boot.SpringApplication.refreshContext(SpringApplication.java:439) ~[spring-boot-3.5.8.jar:3.5.8]
	at org.springframework.boot.SpringApplication.run(SpringApplication.java:318) ~[spring-boot-3.5.8.jar:3.5.8]
	at org.springframework.boot.SpringApplication.run(SpringApplication.java:1361) ~[spring-boot-3.5.8.jar:3.5.8]
	at org.springframework.boot.SpringApplication.run(SpringApplication.java:1350) ~[spring-boot-3.5.8.jar:3.5.8]
	at com.mealdb.Application.main(Application.java:23) ~[classes/:na]
	at java.base/jdk.internal.reflect.DirectMethodHandleAccessor.invoke(DirectMethodHandleAccessor.java:103) ~[na:na]
	at java.base/java.lang.reflect.Method.invoke(Method.java:580) ~[na:na]
	at org.springframework.boot.devtools.restart.RestartLauncher.run(RestartLauncher.java:50) ~[spring-boot-devtools-3.5.8.jar:3.5.8]
Caused by: org.springframework.beans.factory.BeanCreationException: Error creating bean with name 'mealService': Lookup method resolution failed
	at org.springframework.beans.factory.annotation.AutowiredAnnotationBeanPostProcessor.checkLookupMethods(AutowiredAnnotationBeanPostProcessor.java:498) ~[spring-beans-6.2.14.jar:6.2.14]
	at org.springframework.beans.factory.annotation.AutowiredAnnotationBeanPostProcessor.determineCandidateConstructors(AutowiredAnnotationBeanPostProcessor.java:368) ~[spring-beans-6.2.14.jar:6.2.14]
	at org.springframework.beans.factory.support.AbstractAutowireCapableBeanFactory.determineConstructorsFromBeanPostProcessors(AbstractAutowireCapableBeanFactory.java:1334) ~[spring-beans-6.2.14.jar:6.2.14]
	at org.springframework.beans.factory.support.AbstractAutowireCapableBeanFactory.createBeanInstance(AbstractAutowireCapableBeanFactory.java:1229) ~[spring-beans-6.2.14.jar:6.2.14]
	at org.springframework.beans.factory.support.AbstractAutowireCapableBeanFactory.doCreateBean(AbstractAutowireCapableBeanFactory.java:569) ~[spring-beans-6.2.14.jar:6.2.14]
	at org.springframework.beans.factory.support.AbstractAutowireCapableBeanFactory.createBean(AbstractAutowireCapableBeanFactory.java:529) ~[spring-beans-6.2.14.jar:6.2.14]
	at org.springframework.beans.factory.support.AbstractBeanFactory.lambda$doGetBean$0(AbstractBeanFactory.java:339) ~[spring-beans-6.2.14.jar:6.2.14]
	at org.springframework.beans.factory.support.DefaultSingletonBeanRegistry.getSingleton(DefaultSingletonBeanRegistry.java:373) ~[spring-beans-6.2.14.jar:6.2.14]
	at org.springframework.beans.factory.support.AbstractBeanFactory.doGetBean(AbstractBeanFactory.java:337) ~[spring-beans-6.2.14.jar:6.2.14]
	at org.springframework.beans.factory.support.AbstractBeanFactory.getBean(AbstractBeanFactory.java:202) ~[spring-beans-6.2.14.jar:6.2.14]
	at org.springframework.beans.factory.support.DefaultListableBeanFactory.doResolveDependency(DefaultListableBeanFactory.java:1708) ~[spring-beans-6.2.14.jar:6.2.14]
	at org.springframework.beans.factory.support.DefaultListableBeanFactory.resolveDependency(DefaultListableBeanFactory.java:1653) ~[spring-beans-6.2.14.jar:6.2.14]
	at org.springframework.beans.factory.support.ConstructorResolver.resolveAutowiredArgument(ConstructorResolver.java:913) ~[spring-beans-6.2.14.jar:6.2.14]
	at org.springframework.beans.factory.support.ConstructorResolver.createArgumentArray(ConstructorResolver.java:791) ~[spring-beans-6.2.14.jar:6.2.14]
	... 24 common frames omitted
Caused by: java.lang.IllegalStateException: Failed to introspect Class [com.mealdb.service.MealService] from ClassLoader [org.springframework.boot.devtools.restart.classloader.RestartClassLoader@f8d03b8]
	at org.springframework.util.ReflectionUtils.getDeclaredMethods(ReflectionUtils.java:483) ~[spring-core-6.2.14.jar:6.2.14]
	at org.springframework.util.ReflectionUtils.doWithLocalMethods(ReflectionUtils.java:320) ~[spring-core-6.2.14.jar:6.2.14]
	at org.springframework.beans.factory.annotation.AutowiredAnnotationBeanPostProcessor.checkLookupMethods(AutowiredAnnotationBeanPostProcessor.java:476) ~[spring-beans-6.2.14.jar:6.2.14]
	... 37 common frames omitted
Caused by: java.lang.NoClassDefFoundError: MealCategoryResponse
	at java.base/java.lang.Class.getDeclaredMethods0(Native Method) ~[na:na]
	at java.base/java.lang.Class.privateGetDeclaredMethods(Class.java:3578) ~[na:na]
	at java.base/java.lang.Class.getDeclaredMethods(Class.java:2676) ~[na:na]
	at org.springframework.util.ReflectionUtils.getDeclaredMethods(ReflectionUtils.java:465) ~[spring-core-6.2.14.jar:6.2.14]
	... 39 common frames omitted
Caused by: java.lang.ClassNotFoundException: MealCategoryResponse
	at java.base/jdk.internal.loader.BuiltinClassLoader.loadClass(BuiltinClassLoader.java:641) ~[na:na]
	at java.base/jdk.internal.loader.ClassLoaders$AppClassLoader.loadClass(ClassLoaders.java:188) ~[na:na]
	at java.base/java.lang.ClassLoader.loadClass(ClassLoader.java:526) ~[na:na]
	at java.base/java.lang.Class.forName0(Native Method) ~[na:na]
	at java.base/java.lang.Class.forName(Class.java:534) ~[na:na]
	at java.base/java.lang.Class.forName(Class.java:513) ~[na:na]
	at org.springframework.boot.devtools.restart.classloader.RestartClassLoader.loadClass(RestartClassLoader.java:121) ~[spring-boot-devtools-3.5.8.jar:3.5.8]
	at java.base/java.lang.ClassLoader.loadClass(ClassLoader.java:526) ~[na:na]
	... 43 common frames omitted

2025-11-26T01:10:36.988+05:30  INFO 26284 --- [mealdb-explorer] [restartedMain] com.mealdb.Application                   : Starting Application using Java 21.0.6 with PID 26284 (C:\Users\SANKET\Desktop\Finfactor\spring_boot_backend_template\spring_boot_backend_template\target\classes started by SANKET in C:\Users\SANKET\Desktop\Finfactor\spring_boot_backend_template\spring_boot_backend_template)
2025-11-26T01:10:36.990+05:30  INFO 26284 --- [mealdb-explorer] [restartedMain] com.mealdb.Application                   : No active profile set, falling back to 1 default profile: "default"
2025-11-26T01:10:37.031+05:30  INFO 26284 --- [mealdb-explorer] [restartedMain] .e.DevToolsPropertyDefaultsPostProcessor : Devtools property defaults active! Set 'spring.devtools.add-properties' to 'false' to disable
2025-11-26T01:10:37.032+05:30  INFO 26284 --- [mealdb-explorer] [restartedMain] .e.DevToolsPropertyDefaultsPostProcessor : For additional web related logging consider setting the 'logging.level.web' property to 'DEBUG'
2025-11-26T01:10:38.472+05:30  INFO 26284 --- [mealdb-explorer] [restartedMain] o.s.b.w.embedded.tomcat.TomcatWebServer  : Tomcat initialized with port 8080 (http)
2025-11-26T01:10:38.484+05:30  INFO 26284 --- [mealdb-explorer] [restartedMain] o.apache.catalina.core.StandardService   : Starting service [Tomcat]
2025-11-26T01:10:38.484+05:30  INFO 26284 --- [mealdb-explorer] [restartedMain] o.apache.catalina.core.StandardEngine    : Starting Servlet engine: [Apache Tomcat/10.1.49]
2025-11-26T01:10:38.528+05:30  INFO 26284 --- [mealdb-explorer] [restartedMain] o.a.c.c.C.[Tomcat].[localhost].[/]       : Initializing Spring embedded WebApplicationContext
2025-11-26T01:10:38.528+05:30  INFO 26284 --- [mealdb-explorer] [restartedMain] w.s.c.ServletWebServerApplicationContext : Root WebApplicationContext: initialization completed in 1496 ms
2025-11-26T01:10:39.527+05:30  INFO 26284 --- [mealdb-explorer] [restartedMain] o.s.b.d.a.OptionalLiveReloadServer       : LiveReload server is running on port 35729
2025-11-26T01:10:39.534+05:30  INFO 26284 --- [mealdb-explorer] [restartedMain] o.s.b.a.e.web.EndpointLinksResolver      : Exposing 4 endpoints beneath base path '/actuator'
2025-11-26T01:10:39.596+05:30  INFO 26284 --- [mealdb-explorer] [restartedMain] o.s.b.w.embedded.tomcat.TomcatWebServer  : Tomcat started on port 8080 (http) with context path '/'
2025-11-26T01:10:39.608+05:30  INFO 26284 --- [mealdb-explorer] [restartedMain] com.mealdb.Application                   : Started Application in 3.013 seconds (process running for 3.525)
2025-11-26T01:10:39.847+05:30  INFO 26284 --- [mealdb-explorer] [RMI TCP Connection(6)-127.0.0.1] o.a.c.c.C.[Tomcat].[localhost].[/]       : Initializing Spring DispatcherServlet 'dispatcherServlet'
2025-11-26T01:10:39.848+05:30  INFO 26284 --- [mealdb-explorer] [RMI TCP Connection(6)-127.0.0.1] o.s.web.servlet.DispatcherServlet        : Initializing Servlet 'dispatcherServlet'
2025-11-26T01:10:39.849+05:30  INFO 26284 --- [mealdb-explorer] [RMI TCP Connection(6)-127.0.0.1] o.s.web.servlet.DispatcherServlet        : Completed initialization in 1 ms
2025-11-26T01:10:52.056+05:30  INFO 26284 --- [mealdb-explorer] [http-nio-8080-exec-1] com.mealdb.service.MealService           : Fetching meals by category from TheMealDB API: Chicken
2025-11-26T01:11:03.505+05:30  INFO 26284 --- [mealdb-explorer] [RMI TCP Connection(2)-127.0.0.1] inMXBeanRegistrar$SpringApplicationAdmin : Application shutdown requested.
2025-11-26T01:11:03.507+05:30  INFO 26284 --- [mealdb-explorer] [RMI TCP Connection(2)-127.0.0.1] o.s.b.w.e.tomcat.GracefulShutdown        : Commencing graceful shutdown. Waiting for active requests to complete
2025-11-26T01:11:03.514+05:30  INFO 26284 --- [mealdb-explorer] [tomcat-shutdown] o.s.b.w.e.tomcat.GracefulShutdown        : Graceful shutdown complete
2025-11-26T01:44:31.736+05:30  INFO 15204 --- [mealdb-explorer] [restartedMain] com.mealdb.Application                   : Starting Application using Java 21.0.6 with PID 15204 (C:\Users\SANKET\Desktop\Finfactor\spring_boot_backend_template\spring_boot_backend_template\target\classes started by SANKET in C:\Users\SANKET\Desktop\Finfactor\spring_boot_backend_template\spring_boot_backend_template)
2025-11-26T01:44:31.738+05:30  INFO 15204 --- [mealdb-explorer] [restartedMain] com.mealdb.Application                   : No active profile set, falling back to 1 default profile: "default"
2025-11-26T01:44:31.783+05:30  INFO 15204 --- [mealdb-explorer] [restartedMain] .e.DevToolsPropertyDefaultsPostProcessor : Devtools property defaults active! Set 'spring.devtools.add-properties' to 'false' to disable
2025-11-26T01:44:31.783+05:30  INFO 15204 --- [mealdb-explorer] [restartedMain] .e.DevToolsPropertyDefaultsPostProcessor : For additional web related logging consider setting the 'logging.level.web' property to 'DEBUG'
2025-11-26T01:44:33.220+05:30  INFO 15204 --- [mealdb-explorer] [restartedMain] o.s.b.w.embedded.tomcat.TomcatWebServer  : Tomcat initialized with port 8080 (http)
2025-11-26T01:44:33.234+05:30  INFO 15204 --- [mealdb-explorer] [restartedMain] o.apache.catalina.core.StandardService   : Starting service [Tomcat]
2025-11-26T01:44:33.234+05:30  INFO 15204 --- [mealdb-explorer] [restartedMain] o.apache.catalina.core.StandardEngine    : Starting Servlet engine: [Apache Tomcat/10.1.49]
2025-11-26T01:44:33.281+05:30  INFO 15204 --- [mealdb-explorer] [restartedMain] o.a.c.c.C.[Tomcat].[localhost].[/]       : Initializing Spring embedded WebApplicationContext
2025-11-26T01:44:33.281+05:30  INFO 15204 --- [mealdb-explorer] [restartedMain] w.s.c.ServletWebServerApplicationContext : Root WebApplicationContext: initialization completed in 1498 ms
2025-11-26T01:44:34.271+05:30  INFO 15204 --- [mealdb-explorer] [restartedMain] o.s.b.d.a.OptionalLiveReloadServer       : LiveReload server is running on port 35729
2025-11-26T01:44:34.277+05:30  INFO 15204 --- [mealdb-explorer] [restartedMain] o.s.b.a.e.web.EndpointLinksResolver      : Exposing 4 endpoints beneath base path '/actuator'
2025-11-26T01:44:34.340+05:30  INFO 15204 --- [mealdb-explorer] [restartedMain] o.s.b.w.embedded.tomcat.TomcatWebServer  : Tomcat started on port 8080 (http) with context path '/'
2025-11-26T01:44:34.355+05:30  INFO 15204 --- [mealdb-explorer] [restartedMain] com.mealdb.Application                   : Started Application in 2.967 seconds (process running for 3.545)
2025-11-26T01:44:34.699+05:30  INFO 15204 --- [mealdb-explorer] [RMI TCP Connection(10)-127.0.0.1] o.a.c.c.C.[Tomcat].[localhost].[/]       : Initializing Spring DispatcherServlet 'dispatcherServlet'
2025-11-26T01:44:34.699+05:30  INFO 15204 --- [mealdb-explorer] [RMI TCP Connection(10)-127.0.0.1] o.s.web.servlet.DispatcherServlet        : Initializing Servlet 'dispatcherServlet'
2025-11-26T01:44:34.701+05:30  INFO 15204 --- [mealdb-explorer] [RMI TCP Connection(10)-127.0.0.1] o.s.web.servlet.DispatcherServlet        : Completed initialization in 1 ms
2025-11-26T01:45:36.000+05:30  INFO 15204 --- [mealdb-explorer] [http-nio-8080-exec-1] com.mealdb.service.MealService           : Fetching categories from TheMealDB API
2025-11-26T01:45:36.000+05:30  INFO 15204 --- [mealdb-explorer] [http-nio-8080-exec-2] com.mealdb.service.MealService           : Fetching random recipe from TheMealDB API
2025-11-26T01:47:57.252+05:30  INFO 15204 --- [mealdb-explorer] [RMI TCP Connection(15)-127.0.0.1] inMXBeanRegistrar$SpringApplicationAdmin : Application shutdown requested.
2025-11-26T01:47:57.255+05:30  INFO 15204 --- [mealdb-explorer] [RMI TCP Connection(15)-127.0.0.1] o.s.b.w.e.tomcat.GracefulShutdown        : Commencing graceful shutdown. Waiting for active requests to complete
2025-11-26T01:47:57.260+05:30  INFO 15204 --- [mealdb-explorer] [tomcat-shutdown] o.s.b.w.e.tomcat.GracefulShutdown        : Graceful shutdown complete
2025-11-26T01:49:11.353+05:30  INFO 21252 --- [mealdb-explorer] [restartedMain] com.mealdb.Application                   : Starting Application using Java 21.0.6 with PID 21252 (C:\Users\SANKET\Desktop\Finfactor\spring_boot_backend_template\spring_boot_backend_template\target\classes started by SANKET in C:\Users\SANKET\Desktop\Finfactor\spring_boot_backend_template\spring_boot_backend_template)
2025-11-26T01:49:11.355+05:30  INFO 21252 --- [mealdb-explorer] [restartedMain] com.mealdb.Application                   : No active profile set, falling back to 1 default profile: "default"
2025-11-26T01:49:11.398+05:30  INFO 21252 --- [mealdb-explorer] [restartedMain] .e.DevToolsPropertyDefaultsPostProcessor : Devtools property defaults active! Set 'spring.devtools.add-properties' to 'false' to disable
2025-11-26T01:49:11.399+05:30  INFO 21252 --- [mealdb-explorer] [restartedMain] .e.DevToolsPropertyDefaultsPostProcessor : For additional web related logging consider setting the 'logging.level.web' property to 'DEBUG'
2025-11-26T01:49:12.813+05:30  INFO 21252 --- [mealdb-explorer] [restartedMain] o.s.b.w.embedded.tomcat.TomcatWebServer  : Tomcat initialized with port 8080 (http)
2025-11-26T01:49:12.826+05:30  INFO 21252 --- [mealdb-explorer] [restartedMain] o.apache.catalina.core.StandardService   : Starting service [Tomcat]
2025-11-26T01:49:12.828+05:30  INFO 21252 --- [mealdb-explorer] [restartedMain] o.apache.catalina.core.StandardEngine    : Starting Servlet engine: [Apache Tomcat/10.1.49]
2025-11-26T01:49:12.874+05:30  INFO 21252 --- [mealdb-explorer] [restartedMain] o.a.c.c.C.[Tomcat].[localhost].[/]       : Initializing Spring embedded WebApplicationContext
2025-11-26T01:49:12.874+05:30  INFO 21252 --- [mealdb-explorer] [restartedMain] w.s.c.ServletWebServerApplicationContext : Root WebApplicationContext: initialization completed in 1475 ms
2025-11-26T01:49:13.835+05:30  INFO 21252 --- [mealdb-explorer] [restartedMain] o.s.b.d.a.OptionalLiveReloadServer       : LiveReload server is running on port 35729
2025-11-26T01:49:13.843+05:30  INFO 21252 --- [mealdb-explorer] [restartedMain] o.s.b.a.e.web.EndpointLinksResolver      : Exposing 4 endpoints beneath base path '/actuator'
2025-11-26T01:49:13.907+05:30  INFO 21252 --- [mealdb-explorer] [restartedMain] o.s.b.w.embedded.tomcat.TomcatWebServer  : Tomcat started on port 8080 (http) with context path '/'
2025-11-26T01:49:13.922+05:30  INFO 21252 --- [mealdb-explorer] [restartedMain] com.mealdb.Application                   : Started Application in 2.928 seconds (process running for 3.485)
2025-11-26T01:49:14.231+05:30  INFO 21252 --- [mealdb-explorer] [RMI TCP Connection(9)-127.0.0.1] o.a.c.c.C.[Tomcat].[localhost].[/]       : Initializing Spring DispatcherServlet 'dispatcherServlet'
2025-11-26T01:49:14.232+05:30  INFO 21252 --- [mealdb-explorer] [RMI TCP Connection(9)-127.0.0.1] o.s.web.servlet.DispatcherServlet        : Initializing Servlet 'dispatcherServlet'
2025-11-26T01:49:14.233+05:30  INFO 21252 --- [mealdb-explorer] [RMI TCP Connection(9)-127.0.0.1] o.s.web.servlet.DispatcherServlet        : Completed initialization in 1 ms
2025-11-26T01:53:11.829+05:30  INFO 21252 --- [mealdb-explorer] [http-nio-8080-exec-2] com.mealdb.service.MealService           : Fetching random recipe from TheMealDB API
2025-11-26T02:01:23.891+05:30  INFO 21252 --- [mealdb-explorer] [http-nio-8080-exec-4] com.mealdb.service.MealService           : Fetching random recipe from TheMealDB API
2025-11-26T02:01:23.909+05:30  INFO 21252 --- [mealdb-explorer] [http-nio-8080-exec-3] com.mealdb.service.MealService           : Fetching categories from TheMealDB API
2025-11-26T02:01:39.410+05:30  INFO 21252 --- [mealdb-explorer] [http-nio-8080-exec-8] com.mealdb.service.MealService           : Fetching recipe details by ID from TheMealDB API
2025-11-26T02:01:52.795+05:30  INFO 21252 --- [mealdb-explorer] [http-nio-8080-exec-4] com.mealdb.service.MealService           : Fetching meals by category from TheMealDB API: Beef
2025-11-26T02:02:32.422+05:30  INFO 21252 --- [mealdb-explorer] [RMI TCP Connection(25)-127.0.0.1] inMXBeanRegistrar$SpringApplicationAdmin : Application shutdown requested.
2025-11-26T02:02:32.425+05:30  INFO 21252 --- [mealdb-explorer] [RMI TCP Connection(25)-127.0.0.1] o.s.b.w.e.tomcat.GracefulShutdown        : Commencing graceful shutdown. Waiting for active requests to complete
2025-11-26T02:02:32.431+05:30  INFO 21252 --- [mealdb-explorer] [tomcat-shutdown] o.s.b.w.e.tomcat.GracefulShutdown        : Graceful shutdown complete
2025-11-26T02:02:45.035+05:30  INFO 5704 --- [mealdb-explorer] [restartedMain] com.mealdb.Application                   : Starting Application using Java 21.0.6 with PID 5704 (C:\Users\SANKET\Desktop\Finfactor\spring_boot_backend_template\spring_boot_backend_template\target\classes started by SANKET in C:\Users\SANKET\Desktop\Finfactor\spring_boot_backend_template\spring_boot_backend_template)
2025-11-26T02:02:45.037+05:30  INFO 5704 --- [mealdb-explorer] [restartedMain] com.mealdb.Application                   : No active profile set, falling back to 1 default profile: "default"
2025-11-26T02:02:45.085+05:30  INFO 5704 --- [mealdb-explorer] [restartedMain] .e.DevToolsPropertyDefaultsPostProcessor : Devtools property defaults active! Set 'spring.devtools.add-properties' to 'false' to disable
2025-11-26T02:02:45.086+05:30  INFO 5704 --- [mealdb-explorer] [restartedMain] .e.DevToolsPropertyDefaultsPostProcessor : For additional web related logging consider setting the 'logging.level.web' property to 'DEBUG'
2025-11-26T02:02:46.258+05:30  INFO 5704 --- [mealdb-explorer] [restartedMain] o.s.b.w.embedded.tomcat.TomcatWebServer  : Tomcat initialized with port 8080 (http)
2025-11-26T02:02:46.269+05:30  INFO 5704 --- [mealdb-explorer] [restartedMain] o.apache.catalina.core.StandardService   : Starting service [Tomcat]
2025-11-26T02:02:46.270+05:30  INFO 5704 --- [mealdb-explorer] [restartedMain] o.apache.catalina.core.StandardEngine    : Starting Servlet engine: [Apache Tomcat/10.1.49]
2025-11-26T02:02:46.312+05:30  INFO 5704 --- [mealdb-explorer] [restartedMain] o.a.c.c.C.[Tomcat].[localhost].[/]       : Initializing Spring embedded WebApplicationContext
2025-11-26T02:02:46.312+05:30  INFO 5704 --- [mealdb-explorer] [restartedMain] w.s.c.ServletWebServerApplicationContext : Root WebApplicationContext: initialization completed in 1225 ms
2025-11-26T02:02:47.281+05:30  INFO 5704 --- [mealdb-explorer] [restartedMain] o.s.b.d.a.OptionalLiveReloadServer       : LiveReload server is running on port 35729
2025-11-26T02:02:47.287+05:30  INFO 5704 --- [mealdb-explorer] [restartedMain] o.s.b.a.e.web.EndpointLinksResolver      : Exposing 4 endpoints beneath base path '/actuator'
2025-11-26T02:02:47.354+05:30  INFO 5704 --- [mealdb-explorer] [restartedMain] o.s.b.w.embedded.tomcat.TomcatWebServer  : Tomcat started on port 8080 (http) with context path '/'
2025-11-26T02:02:47.366+05:30  INFO 5704 --- [mealdb-explorer] [restartedMain] com.mealdb.Application                   : Started Application in 2.695 seconds (process running for 3.466)
2025-11-26T02:02:47.718+05:30  INFO 5704 --- [mealdb-explorer] [RMI TCP Connection(10)-127.0.0.1] o.a.c.c.C.[Tomcat].[localhost].[/]       : Initializing Spring DispatcherServlet 'dispatcherServlet'
2025-11-26T02:02:47.718+05:30  INFO 5704 --- [mealdb-explorer] [RMI TCP Connection(10)-127.0.0.1] o.s.web.servlet.DispatcherServlet        : Initializing Servlet 'dispatcherServlet'
2025-11-26T02:02:47.719+05:30  INFO 5704 --- [mealdb-explorer] [RMI TCP Connection(10)-127.0.0.1] o.s.web.servlet.DispatcherServlet        : Completed initialization in 1 ms
2025-11-26T02:02:58.971+05:30  INFO 5704 --- [mealdb-explorer] [http-nio-8080-exec-2] com.mealdb.service.MealService           : Fetching categories from TheMealDB API
2025-11-26T02:02:58.971+05:30  INFO 5704 --- [mealdb-explorer] [http-nio-8080-exec-1] com.mealdb.service.MealService           : Fetching random recipe from TheMealDB API
2025-11-26T02:09:56.639+05:30  INFO 5704 --- [mealdb-explorer] [http-nio-8080-exec-1] com.mealdb.service.MealService           : Fetching categories from TheMealDB API
2025-11-26T02:09:56.639+05:30  INFO 5704 --- [mealdb-explorer] [http-nio-8080-exec-2] com.mealdb.service.MealService           : Fetching random recipe from TheMealDB API
2025-11-26T02:10:14.735+05:30  INFO 5704 --- [mealdb-explorer] [http-nio-8080-exec-3] com.mealdb.service.MealService           : Fetching recipe details by ID from TheMealDB API
2025-11-26T02:17:02.501+05:30  INFO 5704 --- [mealdb-explorer] [http-nio-8080-exec-9] com.mealdb.service.MealService           : Fetching random recipe from TheMealDB API
2025-11-26T02:17:02.501+05:30  INFO 5704 --- [mealdb-explorer] [http-nio-8080-exec-1] com.mealdb.service.MealService           : Fetching categories from TheMealDB API
2025-11-26T02:18:25.337+05:30  INFO 5704 --- [mealdb-explorer] [http-nio-8080-exec-8] com.mealdb.service.MealService           : Fetching recipe details by ID from TheMealDB API
2025-11-26T02:22:31.660+05:30  INFO 5704 --- [mealdb-explorer] [http-nio-8080-exec-10] com.mealdb.service.MealService           : Fetching random recipe from TheMealDB API
2025-11-26T02:22:31.660+05:30  INFO 5704 --- [mealdb-explorer] [http-nio-8080-exec-3] com.mealdb.service.MealService           : Fetching categories from TheMealDB API
2025-11-26T02:24:02.151+05:30  INFO 5704 --- [mealdb-explorer] [http-nio-8080-exec-3] com.mealdb.service.MealService           : Fetching meals by category from TheMealDB API: Beef
2025-11-26T02:27:40.650+05:30  INFO 5704 --- [mealdb-explorer] [http-nio-8080-exec-4] com.mealdb.service.MealService           : Fetching categories from TheMealDB API
2025-11-26T02:27:40.652+05:30  INFO 5704 --- [mealdb-explorer] [http-nio-8080-exec-7] com.mealdb.service.MealService           : Fetching random recipe from TheMealDB API
2025-11-26T02:30:31.118+05:30  INFO 5704 --- [mealdb-explorer] [http-nio-8080-exec-6] com.mealdb.service.MealService           : Fetching recipe details by ID from TheMealDB API
2025-11-26T02:35:09.665+05:30  INFO 5704 --- [mealdb-explorer] [http-nio-8080-exec-6] com.mealdb.service.MealService           : Fetching categories from TheMealDB API
2025-11-26T02:35:09.665+05:30  INFO 5704 --- [mealdb-explorer] [http-nio-8080-exec-4] com.mealdb.service.MealService           : Fetching random recipe from TheMealDB API
2025-11-26T02:41:17.656+05:30  INFO 5704 --- [mealdb-explorer] [http-nio-8080-exec-9] com.mealdb.service.MealService           : Fetching random recipe from TheMealDB API
2025-11-26T02:41:17.660+05:30  INFO 5704 --- [mealdb-explorer] [http-nio-8080-exec-10] com.mealdb.service.MealService           : Fetching categories from TheMealDB API
2025-11-26T02:41:19.303+05:30  INFO 5704 --- [mealdb-explorer] [http-nio-8080-exec-6] com.mealdb.service.MealService           : Fetching recipe details by ID from TheMealDB API
2025-11-26T02:41:45.569+05:30  INFO 5704 --- [mealdb-explorer] [RMI TCP Connection(49)-127.0.0.1] inMXBeanRegistrar$SpringApplicationAdmin : Application shutdown requested.
2025-11-26T02:41:45.573+05:30  INFO 5704 --- [mealdb-explorer] [RMI TCP Connection(49)-127.0.0.1] o.s.b.w.e.tomcat.GracefulShutdown        : Commencing graceful shutdown. Waiting for active requests to complete
2025-11-26T02:41:45.579+05:30  INFO 5704 --- [mealdb-explorer] [tomcat-shutdown] o.s.b.w.e.tomcat.GracefulShutdown        : Graceful shutdown complete
2025-11-26T11:13:33.403+05:30  INFO 9600 --- [mealdb-explorer] [restartedMain] com.mealdb.Application                   : Starting Application using Java 21.0.6 with PID 9600 (C:\Users\SANKET\Desktop\Finfactor\spring_boot_backend_template\spring_boot_backend_template\target\classes started by SANKET in C:\Users\SANKET\Desktop\Finfactor\spring_boot_backend_template\spring_boot_backend_template)
2025-11-26T11:13:33.407+05:30  INFO 9600 --- [mealdb-explorer] [restartedMain] com.mealdb.Application                   : No active profile set, falling back to 1 default profile: "default"
2025-11-26T11:13:33.444+05:30  INFO 9600 --- [mealdb-explorer] [restartedMain] .e.DevToolsPropertyDefaultsPostProcessor : Devtools property defaults active! Set 'spring.devtools.add-properties' to 'false' to disable
2025-11-26T11:13:33.444+05:30  INFO 9600 --- [mealdb-explorer] [restartedMain] .e.DevToolsPropertyDefaultsPostProcessor : For additional web related logging consider setting the 'logging.level.web' property to 'DEBUG'
2025-11-26T11:13:35.084+05:30  INFO 9600 --- [mealdb-explorer] [restartedMain] o.s.b.w.embedded.tomcat.TomcatWebServer  : Tomcat initialized with port 8080 (http)
2025-11-26T11:13:35.100+05:30  INFO 9600 --- [mealdb-explorer] [restartedMain] o.apache.catalina.core.StandardService   : Starting service [Tomcat]
2025-11-26T11:13:35.101+05:30  INFO 9600 --- [mealdb-explorer] [restartedMain] o.apache.catalina.core.StandardEngine    : Starting Servlet engine: [Apache Tomcat/10.1.49]
2025-11-26T11:13:35.150+05:30  INFO 9600 --- [mealdb-explorer] [restartedMain] o.a.c.c.C.[Tomcat].[localhost].[/]       : Initializing Spring embedded WebApplicationContext
2025-11-26T11:13:35.150+05:30  INFO 9600 --- [mealdb-explorer] [restartedMain] w.s.c.ServletWebServerApplicationContext : Root WebApplicationContext: initialization completed in 1705 ms
2025-11-26T11:13:36.194+05:30  INFO 9600 --- [mealdb-explorer] [restartedMain] o.s.b.d.a.OptionalLiveReloadServer       : LiveReload server is running on port 35729
2025-11-26T11:13:36.201+05:30  INFO 9600 --- [mealdb-explorer] [restartedMain] o.s.b.a.e.web.EndpointLinksResolver      : Exposing 4 endpoints beneath base path '/actuator'
2025-11-26T11:13:36.260+05:30  INFO 9600 --- [mealdb-explorer] [restartedMain] o.s.b.w.embedded.tomcat.TomcatWebServer  : Tomcat started on port 8080 (http) with context path '/'
2025-11-26T11:13:36.272+05:30  INFO 9600 --- [mealdb-explorer] [restartedMain] com.mealdb.Application                   : Started Application in 3.234 seconds (process running for 6.103)
2025-11-26T11:13:36.760+05:30  INFO 9600 --- [mealdb-explorer] [RMI TCP Connection(4)-127.0.0.1] o.a.c.c.C.[Tomcat].[localhost].[/]       : Initializing Spring DispatcherServlet 'dispatcherServlet'
2025-11-26T11:13:36.760+05:30  INFO 9600 --- [mealdb-explorer] [RMI TCP Connection(4)-127.0.0.1] o.s.web.servlet.DispatcherServlet        : Initializing Servlet 'dispatcherServlet'
2025-11-26T11:13:36.761+05:30  INFO 9600 --- [mealdb-explorer] [RMI TCP Connection(4)-127.0.0.1] o.s.web.servlet.DispatcherServlet        : Completed initialization in 1 ms
2025-11-26T11:20:58.269+05:30  INFO 9600 --- [mealdb-explorer] [http-nio-8080-exec-2] com.mealdb.service.MealService           : Fetching categories from TheMealDB API
2025-11-26T11:20:58.269+05:30  INFO 9600 --- [mealdb-explorer] [http-nio-8080-exec-1] com.mealdb.service.MealService           : Fetching random recipe from TheMealDB API
2025-11-26T11:21:03.792+05:30  INFO 9600 --- [mealdb-explorer] [http-nio-8080-exec-6] com.mealdb.service.MealService           : Fetching recipe details by ID from TheMealDB API
2025-11-26T11:21:11.715+05:30  INFO 9600 --- [mealdb-explorer] [http-nio-8080-exec-2] com.mealdb.service.MealService           : Fetching meals by category from TheMealDB API: Beef
2025-11-26T11:26:10.188+05:30  INFO 9600 --- [mealdb-explorer] [http-nio-8080-exec-6] com.mealdb.service.MealService           : Fetching random recipe from TheMealDB API
2025-11-26T11:26:10.196+05:30  INFO 9600 --- [mealdb-explorer] [http-nio-8080-exec-5] com.mealdb.service.MealService           : Fetching categories from TheMealDB API
2025-11-26T11:27:47.794+05:30  INFO 9600 --- [mealdb-explorer] [http-nio-8080-exec-6] com.mealdb.service.MealService           : Fetching meals by category from TheMealDB API: Beef
2025-11-26T11:31:59.427+05:30  INFO 9600 --- [mealdb-explorer] [http-nio-8080-exec-8] com.mealdb.service.MealService           : Fetching categories from TheMealDB API
2025-11-26T11:31:59.431+05:30  INFO 9600 --- [mealdb-explorer] [http-nio-8080-exec-10] com.mealdb.service.MealService           : Fetching random recipe from TheMealDB API
2025-11-26T12:00:38.747+05:30  INFO 9600 --- [mealdb-explorer] [http-nio-8080-exec-5] com.mealdb.service.MealService           : Fetching meals by category from TheMealDB API: Beef
2025-11-26T12:00:41.294+05:30  INFO 9600 --- [mealdb-explorer] [http-nio-8080-exec-9] com.mealdb.service.MealService           : Fetching categories from TheMealDB API
2025-11-26T12:00:41.295+05:30  INFO 9600 --- [mealdb-explorer] [http-nio-8080-exec-1] com.mealdb.service.MealService           : Fetching random recipe from TheMealDB API
2025-11-26T12:06:56.385+05:30  INFO 9600 --- [mealdb-explorer] [http-nio-8080-exec-9] com.mealdb.service.MealService           : Fetching meals by category from TheMealDB API: Beef
2025-11-26T12:09:50.399+05:30  INFO 9600 --- [mealdb-explorer] [http-nio-8080-exec-9] o.springdoc.api.AbstractOpenApiResource  : Init duration for springdoc-openapi is: 281 ms
2025-11-26T12:10:03.971+05:30  INFO 9600 --- [mealdb-explorer] [http-nio-8080-exec-7] com.mealdb.service.MealService           : Fetching meals by category from TheMealDB API: Desserts
2025-11-26T12:10:21.721+05:30  INFO 9600 --- [mealdb-explorer] [http-nio-8080-exec-1] com.mealdb.service.MealService           : Fetching random recipe from TheMealDB API
2025-11-26T12:10:30.569+05:30  INFO 9600 --- [mealdb-explorer] [http-nio-8080-exec-6] com.mealdb.service.MealService           : Fetching meals by category from TheMealDB API: Seafood
2025-11-26T12:11:36.225+05:30  INFO 9600 --- [mealdb-explorer] [http-nio-8080-exec-5] com.mealdb.service.MealService           : Fetching categories from TheMealDB API
2025-11-26T12:13:55.809+05:30  INFO 9600 --- [mealdb-explorer] [http-nio-8080-exec-4] com.mealdb.service.MealService           : Fetching meals by category from TheMealDB API: Beef
2025-11-26T12:14:00.292+05:30  INFO 9600 --- [mealdb-explorer] [http-nio-8080-exec-2] com.mealdb.service.MealService           : Fetching recipe details by ID from TheMealDB API
2025-11-26T12:16:05.694+05:30  INFO 9600 --- [mealdb-explorer] [http-nio-8080-exec-3] com.mealdb.service.MealService           : Fetching random recipe from TheMealDB API
2025-11-26T12:16:11.795+05:30  INFO 9600 --- [mealdb-explorer] [http-nio-8080-exec-7] com.mealdb.service.MealService           : Fetching recipe details by ID from TheMealDB API
2025-11-26T12:19:27.921+05:30  INFO 9600 --- [mealdb-explorer] [http-nio-8080-exec-1] com.mealdb.service.MealService           : Fetching categories from TheMealDB API
2025-11-26T12:19:38.619+05:30  INFO 9600 --- [mealdb-explorer] [http-nio-8080-exec-2] com.mealdb.service.MealService           : Fetching meals by category from TheMealDB API: Beef
2025-11-26T12:19:44.811+05:30  INFO 9600 --- [mealdb-explorer] [http-nio-8080-exec-6] com.mealdb.service.MealService           : Fetching meals by category from TheMealDB API: Lamb
2025-11-26T12:19:56.479+05:30  INFO 9600 --- [mealdb-explorer] [http-nio-8080-exec-9] com.mealdb.service.MealService           : Fetching recipe details by ID from TheMealDB API
2025-11-26T12:21:22.570+05:30  INFO 9600 --- [mealdb-explorer] [http-nio-8080-exec-8] com.mealdb.service.MealService           : Fetching random recipe from TheMealDB API
2025-11-26T12:22:09.609+05:30  INFO 9600 --- [mealdb-explorer] [RMI TCP Connection(74)-127.0.0.1] inMXBeanRegistrar$SpringApplicationAdmin : Application shutdown requested.
2025-11-26T12:22:09.613+05:30  INFO 9600 --- [mealdb-explorer] [RMI TCP Connection(74)-127.0.0.1] o.s.b.w.e.tomcat.GracefulShutdown        : Commencing graceful shutdown. Waiting for active requests to complete
2025-11-26T12:22:09.619+05:30  INFO 9600 --- [mealdb-explorer] [tomcat-shutdown] o.s.b.w.e.tomcat.GracefulShutdown        : Graceful shutdown complete
2025-11-26T14:47:36.923+05:30  INFO 18028 --- [mealdb-explorer] [restartedMain] com.mealdb.Application                   : Starting Application using Java 21.0.6 with PID 18028 (C:\Users\SANKET\Desktop\Finfactor\spring_boot_backend_template\spring_boot_backend_template\target\classes started by SANKET in C:\Users\SANKET\Desktop\Finfactor\spring_boot_backend_template\spring_boot_backend_template)
2025-11-26T14:47:36.926+05:30  INFO 18028 --- [mealdb-explorer] [restartedMain] com.mealdb.Application                   : No active profile set, falling back to 1 default profile: "default"
2025-11-26T14:47:36.980+05:30  INFO 18028 --- [mealdb-explorer] [restartedMain] .e.DevToolsPropertyDefaultsPostProcessor : Devtools property defaults active! Set 'spring.devtools.add-properties' to 'false' to disable
2025-11-26T14:47:36.980+05:30  INFO 18028 --- [mealdb-explorer] [restartedMain] .e.DevToolsPropertyDefaultsPostProcessor : For additional web related logging consider setting the 'logging.level.web' property to 'DEBUG'
2025-11-26T14:47:39.307+05:30  INFO 18028 --- [mealdb-explorer] [restartedMain] o.s.b.w.embedded.tomcat.TomcatWebServer  : Tomcat initialized with port 8080 (http)
2025-11-26T14:47:39.332+05:30  INFO 18028 --- [mealdb-explorer] [restartedMain] o.apache.catalina.core.StandardService   : Starting service [Tomcat]
2025-11-26T14:47:39.333+05:30  INFO 18028 --- [mealdb-explorer] [restartedMain] o.apache.catalina.core.StandardEngine    : Starting Servlet engine: [Apache Tomcat/10.1.49]
2025-11-26T14:47:39.417+05:30  INFO 18028 --- [mealdb-explorer] [restartedMain] o.a.c.c.C.[Tomcat].[localhost].[/]       : Initializing Spring embedded WebApplicationContext
2025-11-26T14:47:39.417+05:30  INFO 18028 --- [mealdb-explorer] [restartedMain] w.s.c.ServletWebServerApplicationContext : Root WebApplicationContext: initialization completed in 2437 ms
2025-11-26T14:47:41.174+05:30  INFO 18028 --- [mealdb-explorer] [restartedMain] o.s.b.d.a.OptionalLiveReloadServer       : LiveReload server is running on port 35729
2025-11-26T14:47:41.186+05:30  INFO 18028 --- [mealdb-explorer] [restartedMain] o.s.b.a.e.web.EndpointLinksResolver      : Exposing 4 endpoints beneath base path '/actuator'
2025-11-26T14:47:41.299+05:30  INFO 18028 --- [mealdb-explorer] [restartedMain] o.s.b.w.embedded.tomcat.TomcatWebServer  : Tomcat started on port 8080 (http) with context path '/'
2025-11-26T14:47:41.320+05:30  INFO 18028 --- [mealdb-explorer] [restartedMain] com.mealdb.Application                   : Started Application in 4.885 seconds (process running for 12.565)
2025-11-26T14:47:42.974+05:30  INFO 18028 --- [mealdb-explorer] [RMI TCP Connection(4)-127.0.0.1] o.a.c.c.C.[Tomcat].[localhost].[/]       : Initializing Spring DispatcherServlet 'dispatcherServlet'
2025-11-26T14:47:42.974+05:30  INFO 18028 --- [mealdb-explorer] [RMI TCP Connection(4)-127.0.0.1] o.s.web.servlet.DispatcherServlet        : Initializing Servlet 'dispatcherServlet'
2025-11-26T14:47:42.976+05:30  INFO 18028 --- [mealdb-explorer] [RMI TCP Connection(4)-127.0.0.1] o.s.web.servlet.DispatcherServlet        : Completed initialization in 2 ms
2025-11-26T14:48:34.580+05:30  INFO 18028 --- [mealdb-explorer] [http-nio-8080-exec-2] com.mealdb.service.MealService           : Fetching random recipe from TheMealDB API
2025-11-26T14:48:34.580+05:30  INFO 18028 --- [mealdb-explorer] [http-nio-8080-exec-1] com.mealdb.service.MealService           : Fetching categories from TheMealDB API
